2025-01-14 16:01:05,194 - ERROR - Le dossier source n'existe pas : C:\Temp\PIM test import media\EPS
2025-01-14 16:01:23,280 - INFO - Tentative de conversion de 125853.eps en JPG...
2025-01-14 16:01:24,311 - INFO - Conversion réussie : C:\Temp\A vérifier par Cindy\JPG\125853.jpg
2025-01-14 16:01:24,311 - INFO - Tentative de conversion de 125867.eps en JPG...
2025-01-14 16:01:25,665 - INFO - Conversion réussie : C:\Temp\A vérifier par Cindy\JPG\125867.jpg
2025-01-14 16:01:25,666 - INFO - Tentative de conversion de 148731_c.eps en JPG...
2025-01-14 16:01:26,374 - INFO - Conversion réussie : C:\Temp\A vérifier par Cindy\JPG\148731_c.jpg
2025-01-14 16:01:26,374 - INFO - Tentative de conversion de 148734_b.eps en JPG...
2025-01-14 16:01:27,085 - INFO - Conversion réussie : C:\Temp\A vérifier par Cindy\JPG\148734_b.jpg
2025-01-14 16:01:27,085 - INFO - Tentative de conversion de 148822_b.eps en JPG...
2025-01-14 16:01:27,777 - INFO - Conversion réussie : C:\Temp\A vérifier par Cindy\JPG\148822_b.jpg
2025-01-14 16:01:27,777 - INFO - Tentative de conversion de 148866_b.eps en JPG...
2025-01-14 16:01:28,473 - INFO - Conversion réussie : C:\Temp\A vérifier par Cindy\JPG\148866_b.jpg
2025-01-14 16:01:28,473 - INFO - Tentative de conversion de 148930_c.eps en JPG...
2025-01-14 16:01:29,106 - INFO - Conversion réussie : C:\Temp\A vérifier par Cindy\JPG\148930_c.jpg
2025-01-14 16:01:29,106 - INFO - Tentative de conversion de 148933_b.eps en JPG...
2025-01-14 16:01:29,736 - INFO - Conversion réussie : C:\Temp\A vérifier par Cindy\JPG\148933_b.jpg
2025-01-14 16:01:29,736 - INFO - Tentative de conversion de 150562.eps en JPG...
2025-01-14 16:01:30,472 - INFO - Conversion réussie : C:\Temp\A vérifier par Cindy\JPG\150562.jpg
2025-01-14 16:01:30,472 - INFO - Tentative de conversion de 150564.eps en JPG...
2025-01-14 16:01:31,239 - INFO - Conversion réussie : C:\Temp\A vérifier par Cindy\JPG\150564.jpg
2025-01-14 16:01:31,240 - INFO - Tentative de conversion de 150565.eps en JPG...
2025-01-14 16:01:31,979 - INFO - Conversion réussie : C:\Temp\A vérifier par Cindy\JPG\150565.jpg
2025-01-14 16:01:31,980 - INFO - Tentative de conversion de 150568.eps en JPG...
2025-01-14 16:01:32,670 - INFO - Conversion réussie : C:\Temp\A vérifier par Cindy\JPG\150568.jpg
2025-01-14 16:01:32,671 - INFO - Tentative de conversion de 150569.eps en JPG...
2025-01-14 16:01:33,405 - INFO - Conversion réussie : C:\Temp\A vérifier par Cindy\JPG\150569.jpg
2025-01-14 16:01:33,406 - INFO - Tentative de conversion de 150570.eps en JPG...
2025-01-14 16:01:34,386 - INFO - Conversion réussie : C:\Temp\A vérifier par Cindy\JPG\150570.jpg
2025-01-14 16:01:34,386 - INFO - Tentative de conversion de 150571.eps en JPG...
2025-01-14 16:01:35,147 - INFO - Conversion réussie : C:\Temp\A vérifier par Cindy\JPG\150571.jpg
2025-01-14 16:01:35,147 - INFO - Tentative de conversion de 150616.eps en JPG...
2025-01-14 16:01:36,295 - INFO - Conversion réussie : C:\Temp\A vérifier par Cindy\JPG\150616.jpg
2025-01-14 16:01:36,295 - INFO - Tentative de conversion de 150738.eps en JPG...
2025-01-14 16:01:36,964 - INFO - Conversion réussie : C:\Temp\A vérifier par Cindy\JPG\150738.jpg
2025-01-14 16:01:36,964 - INFO - Tentative de conversion de 150763.eps en JPG...
2025-01-14 16:01:37,863 - INFO - Conversion réussie : C:\Temp\A vérifier par Cindy\JPG\150763.jpg
2025-01-14 16:01:37,864 - INFO - Tentative de conversion de 150781.eps en JPG...
2025-01-14 16:01:38,556 - INFO - Conversion réussie : C:\Temp\A vérifier par Cindy\JPG\150781.jpg
2025-01-14 16:01:38,556 - INFO - Tentative de conversion de 150781_a.eps en JPG...
2025-01-14 16:01:39,252 - INFO - Conversion réussie : C:\Temp\A vérifier par Cindy\JPG\150781_a.jpg
2025-01-14 16:01:39,252 - INFO - Tentative de conversion de 150781_b.eps en JPG...
2025-01-14 16:01:39,950 - INFO - Conversion réussie : C:\Temp\A vérifier par Cindy\JPG\150781_b.jpg
2025-01-14 16:01:39,950 - INFO - Tentative de conversion de 150782.eps en JPG...
2025-01-14 16:01:40,631 - INFO - Conversion réussie : C:\Temp\A vérifier par Cindy\JPG\150782.jpg
2025-01-14 16:01:40,631 - INFO - Tentative de conversion de 150797.eps en JPG...
2025-01-14 16:01:40,877 - INFO - Conversion réussie : C:\Temp\A vérifier par Cindy\JPG\150797.jpg
2025-01-14 16:01:40,877 - INFO - Tentative de conversion de 150797_a.eps en JPG...
2025-01-14 16:01:42,221 - INFO - Conversion réussie : C:\Temp\A vérifier par Cindy\JPG\150797_a.jpg
2025-01-14 16:01:42,222 - INFO - Tentative de conversion de 150797_b.eps en JPG...
2025-01-14 16:01:43,369 - INFO - Conversion réussie : C:\Temp\A vérifier par Cindy\JPG\150797_b.jpg
2025-01-14 16:01:43,369 - INFO - Tentative de conversion de 150814_a.eps en JPG...
2025-01-14 16:01:45,965 - INFO - Conversion réussie : C:\Temp\A vérifier par Cindy\JPG\150814_a.jpg
2025-01-14 16:01:45,966 - INFO - Tentative de conversion de 150819.eps en JPG...
2025-01-14 16:01:47,294 - INFO - Conversion réussie : C:\Temp\A vérifier par Cindy\JPG\150819.jpg
2025-01-14 16:01:47,295 - INFO - Tentative de conversion de 150819_a.eps en JPG...
2025-01-14 16:01:49,805 - INFO - Conversion réussie : C:\Temp\A vérifier par Cindy\JPG\150819_a.jpg
2025-01-14 16:01:49,806 - INFO - Tentative de conversion de 150821.eps en JPG...
2025-01-14 16:01:50,922 - INFO - Conversion réussie : C:\Temp\A vérifier par Cindy\JPG\150821.jpg
2025-01-14 16:01:50,923 - INFO - Tentative de conversion de 150821_a.eps en JPG...
2025-01-14 16:01:53,486 - INFO - Conversion réussie : C:\Temp\A vérifier par Cindy\JPG\150821_a.jpg
2025-01-14 16:01:53,487 - INFO - Tentative de conversion de 150822_a.eps en JPG...
2025-01-14 16:01:55,906 - INFO - Conversion réussie : C:\Temp\A vérifier par Cindy\JPG\150822_a.jpg
2025-01-14 16:01:55,906 - INFO - Tentative de conversion de 150828.eps en JPG...
2025-01-14 16:01:56,696 - INFO - Conversion réussie : C:\Temp\A vérifier par Cindy\JPG\150828.jpg
2025-01-14 16:01:56,697 - INFO - Tentative de conversion de 150830.eps en JPG...
2025-01-14 16:01:57,484 - INFO - Conversion réussie : C:\Temp\A vérifier par Cindy\JPG\150830.jpg
2025-01-14 16:01:57,484 - INFO - Tentative de conversion de 150833.eps en JPG...
2025-01-14 16:01:58,237 - INFO - Conversion réussie : C:\Temp\A vérifier par Cindy\JPG\150833.jpg
2025-01-14 16:01:58,237 - INFO - Tentative de conversion de 150835.eps en JPG...
2025-01-14 16:01:59,016 - INFO - Conversion réussie : C:\Temp\A vérifier par Cindy\JPG\150835.jpg
2025-01-14 16:01:59,016 - INFO - Tentative de conversion de 150846.eps en JPG...
2025-01-14 16:01:59,708 - INFO - Conversion réussie : C:\Temp\A vérifier par Cindy\JPG\150846.jpg
2025-01-14 16:01:59,709 - INFO - Tentative de conversion de 150847.eps en JPG...
2025-01-14 16:02:00,404 - INFO - Conversion réussie : C:\Temp\A vérifier par Cindy\JPG\150847.jpg
2025-01-14 16:02:00,405 - INFO - Tentative de conversion de 150848.eps en JPG...
2025-01-14 16:02:01,115 - INFO - Conversion réussie : C:\Temp\A vérifier par Cindy\JPG\150848.jpg
2025-01-14 16:02:01,115 - INFO - Tentative de conversion de 150848_a.eps en JPG...
2025-01-14 16:02:03,449 - INFO - Conversion réussie : C:\Temp\A vérifier par Cindy\JPG\150848_a.jpg
2025-01-14 16:02:03,449 - INFO - Tentative de conversion de 150849.eps en JPG...
2025-01-14 16:02:03,827 - INFO - Conversion réussie : C:\Temp\A vérifier par Cindy\JPG\150849.jpg
2025-01-14 16:02:03,827 - INFO - Tentative de conversion de 150850.eps en JPG...
2025-01-14 16:02:04,164 - INFO - Conversion réussie : C:\Temp\A vérifier par Cindy\JPG\150850.jpg
2025-01-14 16:02:04,165 - INFO - Tentative de conversion de 150851.eps en JPG...
2025-01-14 16:02:04,495 - INFO - Conversion réussie : C:\Temp\A vérifier par Cindy\JPG\150851.jpg
2025-01-14 16:02:04,495 - INFO - Tentative de conversion de 150852.eps en JPG...
2025-01-14 16:02:04,845 - INFO - Conversion réussie : C:\Temp\A vérifier par Cindy\JPG\150852.jpg
2025-01-14 16:02:04,845 - INFO - Tentative de conversion de 150853.eps en JPG...
2025-01-14 16:02:05,212 - INFO - Conversion réussie : C:\Temp\A vérifier par Cindy\JPG\150853.jpg
2025-01-14 16:02:05,213 - INFO - Tentative de conversion de 150854.eps en JPG...
2025-01-14 16:02:05,593 - INFO - Conversion réussie : C:\Temp\A vérifier par Cindy\JPG\150854.jpg
2025-01-14 16:02:05,593 - INFO - Tentative de conversion de 150855.eps en JPG...
2025-01-14 16:02:06,012 - INFO - Conversion réussie : C:\Temp\A vérifier par Cindy\JPG\150855.jpg
2025-01-14 16:02:06,013 - INFO - Tentative de conversion de 150856.eps en JPG...
2025-01-14 16:02:06,432 - INFO - Conversion réussie : C:\Temp\A vérifier par Cindy\JPG\150856.jpg
2025-01-14 16:02:06,433 - INFO - Tentative de conversion de 150867_a.eps en JPG...
2025-01-14 16:02:10,155 - INFO - Conversion réussie : C:\Temp\A vérifier par Cindy\JPG\150867_a.jpg
2025-01-14 16:02:10,155 - INFO - Tentative de conversion de 150871.eps en JPG...
2025-01-14 16:02:10,517 - INFO - Conversion réussie : C:\Temp\A vérifier par Cindy\JPG\150871.jpg
2025-01-14 16:02:10,517 - INFO - Tentative de conversion de 150871_a.eps en JPG...
2025-01-14 16:02:14,363 - INFO - Conversion réussie : C:\Temp\A vérifier par Cindy\JPG\150871_a.jpg
2025-01-14 16:02:14,363 - INFO - Traitement terminé.
