2025-01-14 14:46:53,835 - INFO - Tentative de conversion de 125853.eps en JPG...
2025-01-14 14:46:55,166 - ERROR - Erreur lors de la conversion de 125853.eps : [Errno 2] No such file or directory: '\\\\Svlyofic102\\stockage\\GROUPE\\FOS\\Marketing\\Phototheque\\00_PHOTOS_HD_EPS_JPG\\A vérifier par Cindy\\JPG\\125853.jpg'
2025-01-14 14:46:55,169 - INFO - Tentative de conversion de 125867.eps en JPG...
2025-01-14 14:49:09,544 - INFO - Tentative de conversion de 125853.eps en JPG...
2025-01-14 14:49:35,545 - INFO - Tentative de conversion de 125853.eps en JPG...
2025-01-14 14:49:36,630 - INFO - Conversion réussie : \\Svlyofic102\stockage\GROUPE\FOS\Marketing\Phototheque\00_PHOTOS_HD_EPS_JPG\A vérifier par Cindy\JPG\125853.jpg
2025-01-14 14:49:36,630 - INFO - Tentative de conversion de 125867.eps en JPG...
2025-01-14 14:49:38,006 - INFO - Conversion réussie : \\Svlyofic102\stockage\GROUPE\FOS\Marketing\Phototheque\00_PHOTOS_HD_EPS_JPG\A vérifier par Cindy\JPG\125867.jpg
2025-01-14 14:49:38,007 - INFO - Tentative de conversion de 148731_c.eps en JPG...
2025-01-14 14:49:38,728 - INFO - Conversion réussie : \\Svlyofic102\stockage\GROUPE\FOS\Marketing\Phototheque\00_PHOTOS_HD_EPS_JPG\A vérifier par Cindy\JPG\148731_c.jpg
2025-01-14 14:49:38,729 - INFO - Tentative de conversion de 148734_b.eps en JPG...
2025-01-14 14:49:39,464 - INFO - Conversion réussie : \\Svlyofic102\stockage\GROUPE\FOS\Marketing\Phototheque\00_PHOTOS_HD_EPS_JPG\A vérifier par Cindy\JPG\148734_b.jpg
2025-01-14 14:49:39,464 - INFO - Tentative de conversion de 148822_b.eps en JPG...
2025-01-14 14:49:40,222 - INFO - Conversion réussie : \\Svlyofic102\stockage\GROUPE\FOS\Marketing\Phototheque\00_PHOTOS_HD_EPS_JPG\A vérifier par Cindy\JPG\148822_b.jpg
2025-01-14 14:49:40,222 - INFO - Tentative de conversion de 148866_b.eps en JPG...
2025-01-14 14:49:40,959 - INFO - Conversion réussie : \\Svlyofic102\stockage\GROUPE\FOS\Marketing\Phototheque\00_PHOTOS_HD_EPS_JPG\A vérifier par Cindy\JPG\148866_b.jpg
2025-01-14 14:49:40,959 - INFO - Tentative de conversion de 148930_c.eps en JPG...
2025-01-14 14:49:41,667 - INFO - Conversion réussie : \\Svlyofic102\stockage\GROUPE\FOS\Marketing\Phototheque\00_PHOTOS_HD_EPS_JPG\A vérifier par Cindy\JPG\148930_c.jpg
2025-01-14 14:49:41,668 - INFO - Tentative de conversion de 148933_b.eps en JPG...
2025-01-14 14:49:42,386 - INFO - Conversion réussie : \\Svlyofic102\stockage\GROUPE\FOS\Marketing\Phototheque\00_PHOTOS_HD_EPS_JPG\A vérifier par Cindy\JPG\148933_b.jpg
2025-01-14 14:49:42,387 - INFO - Tentative de conversion de 150562.eps en JPG...
2025-01-14 14:49:43,200 - INFO - Conversion réussie : \\Svlyofic102\stockage\GROUPE\FOS\Marketing\Phototheque\00_PHOTOS_HD_EPS_JPG\A vérifier par Cindy\JPG\150562.jpg
2025-01-14 14:49:43,201 - INFO - Tentative de conversion de 150564.eps en JPG...
2025-01-14 14:49:44,046 - INFO - Conversion réussie : \\Svlyofic102\stockage\GROUPE\FOS\Marketing\Phototheque\00_PHOTOS_HD_EPS_JPG\A vérifier par Cindy\JPG\150564.jpg
2025-01-14 14:49:44,046 - INFO - Tentative de conversion de 150565.eps en JPG...
2025-01-14 14:49:44,860 - INFO - Conversion réussie : \\Svlyofic102\stockage\GROUPE\FOS\Marketing\Phototheque\00_PHOTOS_HD_EPS_JPG\A vérifier par Cindy\JPG\150565.jpg
2025-01-14 14:49:44,861 - INFO - Tentative de conversion de 150568.eps en JPG...
2025-01-14 14:49:45,609 - INFO - Conversion réussie : \\Svlyofic102\stockage\GROUPE\FOS\Marketing\Phototheque\00_PHOTOS_HD_EPS_JPG\A vérifier par Cindy\JPG\150568.jpg
2025-01-14 14:49:45,609 - INFO - Tentative de conversion de 150569.eps en JPG...
2025-01-14 14:49:46,365 - INFO - Conversion réussie : \\Svlyofic102\stockage\GROUPE\FOS\Marketing\Phototheque\00_PHOTOS_HD_EPS_JPG\A vérifier par Cindy\JPG\150569.jpg
2025-01-14 14:49:46,366 - INFO - Tentative de conversion de 150570.eps en JPG...
2025-01-14 14:49:47,392 - INFO - Conversion réussie : \\Svlyofic102\stockage\GROUPE\FOS\Marketing\Phototheque\00_PHOTOS_HD_EPS_JPG\A vérifier par Cindy\JPG\150570.jpg
2025-01-14 14:49:47,393 - INFO - Tentative de conversion de 150571.eps en JPG...
2025-01-14 14:49:48,202 - INFO - Conversion réussie : \\Svlyofic102\stockage\GROUPE\FOS\Marketing\Phototheque\00_PHOTOS_HD_EPS_JPG\A vérifier par Cindy\JPG\150571.jpg
2025-01-14 14:49:48,202 - INFO - Tentative de conversion de 150616.eps en JPG...
2025-01-14 14:49:49,385 - INFO - Conversion réussie : \\Svlyofic102\stockage\GROUPE\FOS\Marketing\Phototheque\00_PHOTOS_HD_EPS_JPG\A vérifier par Cindy\JPG\150616.jpg
2025-01-14 14:49:49,385 - INFO - Tentative de conversion de 150738.eps en JPG...
2025-01-14 14:49:50,427 - INFO - Conversion réussie : \\Svlyofic102\stockage\GROUPE\FOS\Marketing\Phototheque\00_PHOTOS_HD_EPS_JPG\A vérifier par Cindy\JPG\150738.jpg
2025-01-14 14:49:50,428 - INFO - Tentative de conversion de 150763.eps en JPG...
2025-01-14 14:49:51,395 - INFO - Conversion réussie : \\Svlyofic102\stockage\GROUPE\FOS\Marketing\Phototheque\00_PHOTOS_HD_EPS_JPG\A vérifier par Cindy\JPG\150763.jpg
2025-01-14 14:49:51,395 - INFO - Tentative de conversion de 150781.eps en JPG...
2025-01-14 14:49:52,141 - INFO - Conversion réussie : \\Svlyofic102\stockage\GROUPE\FOS\Marketing\Phototheque\00_PHOTOS_HD_EPS_JPG\A vérifier par Cindy\JPG\150781.jpg
2025-01-14 14:49:52,141 - INFO - Tentative de conversion de 150781_a.eps en JPG...
2025-01-14 14:49:52,897 - INFO - Conversion réussie : \\Svlyofic102\stockage\GROUPE\FOS\Marketing\Phototheque\00_PHOTOS_HD_EPS_JPG\A vérifier par Cindy\JPG\150781_a.jpg
2025-01-14 14:49:52,897 - INFO - Tentative de conversion de 150781_b.eps en JPG...
2025-01-14 14:49:53,620 - INFO - Conversion réussie : \\Svlyofic102\stockage\GROUPE\FOS\Marketing\Phototheque\00_PHOTOS_HD_EPS_JPG\A vérifier par Cindy\JPG\150781_b.jpg
2025-01-14 14:49:53,621 - INFO - Tentative de conversion de 150782.eps en JPG...
2025-01-14 14:49:54,342 - INFO - Conversion réussie : \\Svlyofic102\stockage\GROUPE\FOS\Marketing\Phototheque\00_PHOTOS_HD_EPS_JPG\A vérifier par Cindy\JPG\150782.jpg
2025-01-14 14:49:54,343 - INFO - Tentative de conversion de 150797.eps en JPG...
2025-01-14 14:49:54,629 - INFO - Conversion réussie : \\Svlyofic102\stockage\GROUPE\FOS\Marketing\Phototheque\00_PHOTOS_HD_EPS_JPG\A vérifier par Cindy\JPG\150797.jpg
2025-01-14 14:49:54,630 - INFO - Tentative de conversion de 150797_a.eps en JPG...
2025-01-14 14:49:56,012 - INFO - Conversion réussie : \\Svlyofic102\stockage\GROUPE\FOS\Marketing\Phototheque\00_PHOTOS_HD_EPS_JPG\A vérifier par Cindy\JPG\150797_a.jpg
2025-01-14 14:49:56,012 - INFO - Tentative de conversion de 150797_b.eps en JPG...
2025-01-14 14:49:57,174 - INFO - Conversion réussie : \\Svlyofic102\stockage\GROUPE\FOS\Marketing\Phototheque\00_PHOTOS_HD_EPS_JPG\A vérifier par Cindy\JPG\150797_b.jpg
2025-01-14 14:49:57,174 - INFO - Tentative de conversion de 150814_a.eps en JPG...
2025-01-14 14:49:59,744 - INFO - Conversion réussie : \\Svlyofic102\stockage\GROUPE\FOS\Marketing\Phototheque\00_PHOTOS_HD_EPS_JPG\A vérifier par Cindy\JPG\150814_a.jpg
2025-01-14 14:49:59,745 - INFO - Tentative de conversion de 150819.eps en JPG...
2025-01-14 14:50:01,125 - INFO - Conversion réussie : \\Svlyofic102\stockage\GROUPE\FOS\Marketing\Phototheque\00_PHOTOS_HD_EPS_JPG\A vérifier par Cindy\JPG\150819.jpg
2025-01-14 14:50:01,125 - INFO - Tentative de conversion de 150819_a.eps en JPG...
2025-01-14 14:50:03,620 - INFO - Conversion réussie : \\Svlyofic102\stockage\GROUPE\FOS\Marketing\Phototheque\00_PHOTOS_HD_EPS_JPG\A vérifier par Cindy\JPG\150819_a.jpg
2025-01-14 14:50:03,620 - INFO - Tentative de conversion de 150821.eps en JPG...
2025-01-14 14:50:04,756 - INFO - Conversion réussie : \\Svlyofic102\stockage\GROUPE\FOS\Marketing\Phototheque\00_PHOTOS_HD_EPS_JPG\A vérifier par Cindy\JPG\150821.jpg
2025-01-14 14:50:04,757 - INFO - Tentative de conversion de 150821_a.eps en JPG...
2025-01-14 14:50:07,379 - INFO - Conversion réussie : \\Svlyofic102\stockage\GROUPE\FOS\Marketing\Phototheque\00_PHOTOS_HD_EPS_JPG\A vérifier par Cindy\JPG\150821_a.jpg
2025-01-14 14:50:07,379 - INFO - Tentative de conversion de 150822_a.eps en JPG...
2025-01-14 14:50:09,867 - INFO - Conversion réussie : \\Svlyofic102\stockage\GROUPE\FOS\Marketing\Phototheque\00_PHOTOS_HD_EPS_JPG\A vérifier par Cindy\JPG\150822_a.jpg
2025-01-14 14:50:09,868 - INFO - Tentative de conversion de 150828.eps en JPG...
2025-01-14 14:50:10,695 - INFO - Conversion réussie : \\Svlyofic102\stockage\GROUPE\FOS\Marketing\Phototheque\00_PHOTOS_HD_EPS_JPG\A vérifier par Cindy\JPG\150828.jpg
2025-01-14 14:50:10,696 - INFO - Tentative de conversion de 150830.eps en JPG...
2025-01-14 14:50:11,526 - INFO - Conversion réussie : \\Svlyofic102\stockage\GROUPE\FOS\Marketing\Phototheque\00_PHOTOS_HD_EPS_JPG\A vérifier par Cindy\JPG\150830.jpg
2025-01-14 14:50:11,527 - INFO - Tentative de conversion de 150833.eps en JPG...
2025-01-14 14:50:12,310 - INFO - Conversion réussie : \\Svlyofic102\stockage\GROUPE\FOS\Marketing\Phototheque\00_PHOTOS_HD_EPS_JPG\A vérifier par Cindy\JPG\150833.jpg
2025-01-14 14:50:12,311 - INFO - Tentative de conversion de 150835.eps en JPG...
2025-01-14 14:50:13,129 - INFO - Conversion réussie : \\Svlyofic102\stockage\GROUPE\FOS\Marketing\Phototheque\00_PHOTOS_HD_EPS_JPG\A vérifier par Cindy\JPG\150835.jpg
2025-01-14 14:50:13,130 - INFO - Tentative de conversion de 150846.eps en JPG...
2025-01-14 14:50:13,878 - INFO - Conversion réussie : \\Svlyofic102\stockage\GROUPE\FOS\Marketing\Phototheque\00_PHOTOS_HD_EPS_JPG\A vérifier par Cindy\JPG\150846.jpg
2025-01-14 14:50:13,879 - INFO - Tentative de conversion de 150847.eps en JPG...
2025-01-14 14:50:14,609 - INFO - Conversion réussie : \\Svlyofic102\stockage\GROUPE\FOS\Marketing\Phototheque\00_PHOTOS_HD_EPS_JPG\A vérifier par Cindy\JPG\150847.jpg
2025-01-14 14:50:14,610 - INFO - Tentative de conversion de 150848.eps en JPG...
2025-01-14 14:50:15,361 - INFO - Conversion réussie : \\Svlyofic102\stockage\GROUPE\FOS\Marketing\Phototheque\00_PHOTOS_HD_EPS_JPG\A vérifier par Cindy\JPG\150848.jpg
2025-01-14 14:50:15,362 - INFO - Tentative de conversion de 150848_a.eps en JPG...
2025-01-14 14:50:17,727 - INFO - Conversion réussie : \\Svlyofic102\stockage\GROUPE\FOS\Marketing\Phototheque\00_PHOTOS_HD_EPS_JPG\A vérifier par Cindy\JPG\150848_a.jpg
2025-01-14 14:50:17,728 - INFO - Tentative de conversion de 150849.eps en JPG...
2025-01-14 14:50:18,136 - INFO - Conversion réussie : \\Svlyofic102\stockage\GROUPE\FOS\Marketing\Phototheque\00_PHOTOS_HD_EPS_JPG\A vérifier par Cindy\JPG\150849.jpg
2025-01-14 14:50:18,136 - INFO - Tentative de conversion de 150850.eps en JPG...
2025-01-14 14:50:18,516 - INFO - Conversion réussie : \\Svlyofic102\stockage\GROUPE\FOS\Marketing\Phototheque\00_PHOTOS_HD_EPS_JPG\A vérifier par Cindy\JPG\150850.jpg
2025-01-14 14:50:18,517 - INFO - Tentative de conversion de 150851.eps en JPG...
2025-01-14 14:50:18,894 - INFO - Conversion réussie : \\Svlyofic102\stockage\GROUPE\FOS\Marketing\Phototheque\00_PHOTOS_HD_EPS_JPG\A vérifier par Cindy\JPG\150851.jpg
2025-01-14 14:50:18,895 - INFO - Tentative de conversion de 150852.eps en JPG...
2025-01-14 14:50:19,277 - INFO - Conversion réussie : \\Svlyofic102\stockage\GROUPE\FOS\Marketing\Phototheque\00_PHOTOS_HD_EPS_JPG\A vérifier par Cindy\JPG\150852.jpg
2025-01-14 14:50:19,278 - INFO - Tentative de conversion de 150853.eps en JPG...
2025-01-14 14:50:19,673 - INFO - Conversion réussie : \\Svlyofic102\stockage\GROUPE\FOS\Marketing\Phototheque\00_PHOTOS_HD_EPS_JPG\A vérifier par Cindy\JPG\150853.jpg
2025-01-14 14:50:19,673 - INFO - Tentative de conversion de 150854.eps en JPG...
2025-01-14 14:50:20,106 - INFO - Conversion réussie : \\Svlyofic102\stockage\GROUPE\FOS\Marketing\Phototheque\00_PHOTOS_HD_EPS_JPG\A vérifier par Cindy\JPG\150854.jpg
2025-01-14 14:50:20,107 - INFO - Tentative de conversion de 150855.eps en JPG...
2025-01-14 14:50:20,574 - INFO - Conversion réussie : \\Svlyofic102\stockage\GROUPE\FOS\Marketing\Phototheque\00_PHOTOS_HD_EPS_JPG\A vérifier par Cindy\JPG\150855.jpg
2025-01-14 14:50:20,574 - INFO - Tentative de conversion de 150856.eps en JPG...
2025-01-14 14:50:21,074 - INFO - Conversion réussie : \\Svlyofic102\stockage\GROUPE\FOS\Marketing\Phototheque\00_PHOTOS_HD_EPS_JPG\A vérifier par Cindy\JPG\150856.jpg
2025-01-14 14:50:21,074 - INFO - Tentative de conversion de 150867_a.eps en JPG...
2025-01-14 14:50:24,866 - INFO - Conversion réussie : \\Svlyofic102\stockage\GROUPE\FOS\Marketing\Phototheque\00_PHOTOS_HD_EPS_JPG\A vérifier par Cindy\JPG\150867_a.jpg
2025-01-14 14:50:24,867 - INFO - Tentative de conversion de 150871.eps en JPG...
2025-01-14 14:50:25,274 - INFO - Conversion réussie : \\Svlyofic102\stockage\GROUPE\FOS\Marketing\Phototheque\00_PHOTOS_HD_EPS_JPG\A vérifier par Cindy\JPG\150871.jpg
2025-01-14 14:50:25,275 - INFO - Tentative de conversion de 150871_a.eps en JPG...
2025-01-14 14:50:29,265 - INFO - Conversion réussie : \\Svlyofic102\stockage\GROUPE\FOS\Marketing\Phototheque\00_PHOTOS_HD_EPS_JPG\A vérifier par Cindy\JPG\150871_a.jpg
2025-01-14 14:50:29,266 - INFO - Traitement terminé.
2025-01-14 15:38:29,233 - INFO - Tentative de conversion de 125853.eps en JPG...
2025-01-14 15:38:29,237 - ERROR - Erreur lors de la conversion de \\Svlyofic102\stockage\GROUPE\FOS\Marketing\Phototheque\00_PHOTOS_HD_EPS_JPG\A vérifier par Cindy\EPS\125853.eps : [WinError 2] Le fichier spécifié est introuvable
2025-01-14 15:38:29,238 - INFO - Tentative de conversion de 125867.eps en JPG...
2025-01-14 15:38:29,240 - ERROR - Erreur lors de la conversion de \\Svlyofic102\stockage\GROUPE\FOS\Marketing\Phototheque\00_PHOTOS_HD_EPS_JPG\A vérifier par Cindy\EPS\125867.eps : [WinError 2] Le fichier spécifié est introuvable
2025-01-14 15:38:29,240 - INFO - Tentative de conversion de 148731_c.eps en JPG...
2025-01-14 15:38:29,243 - ERROR - Erreur lors de la conversion de \\Svlyofic102\stockage\GROUPE\FOS\Marketing\Phototheque\00_PHOTOS_HD_EPS_JPG\A vérifier par Cindy\EPS\148731_c.eps : [WinError 2] Le fichier spécifié est introuvable
2025-01-14 15:38:29,244 - INFO - Tentative de conversion de 148734_b.eps en JPG...
2025-01-14 15:38:29,248 - ERROR - Erreur lors de la conversion de \\Svlyofic102\stockage\GROUPE\FOS\Marketing\Phototheque\00_PHOTOS_HD_EPS_JPG\A vérifier par Cindy\EPS\148734_b.eps : [WinError 2] Le fichier spécifié est introuvable
2025-01-14 15:38:29,248 - INFO - Tentative de conversion de 148822_b.eps en JPG...
2025-01-14 15:38:29,250 - ERROR - Erreur lors de la conversion de \\Svlyofic102\stockage\GROUPE\FOS\Marketing\Phototheque\00_PHOTOS_HD_EPS_JPG\A vérifier par Cindy\EPS\148822_b.eps : [WinError 2] Le fichier spécifié est introuvable
2025-01-14 15:38:29,251 - INFO - Tentative de conversion de 148866_b.eps en JPG...
2025-01-14 15:38:29,253 - ERROR - Erreur lors de la conversion de \\Svlyofic102\stockage\GROUPE\FOS\Marketing\Phototheque\00_PHOTOS_HD_EPS_JPG\A vérifier par Cindy\EPS\148866_b.eps : [WinError 2] Le fichier spécifié est introuvable
2025-01-14 15:38:29,254 - INFO - Tentative de conversion de 148930_c.eps en JPG...
2025-01-14 15:38:29,257 - ERROR - Erreur lors de la conversion de \\Svlyofic102\stockage\GROUPE\FOS\Marketing\Phototheque\00_PHOTOS_HD_EPS_JPG\A vérifier par Cindy\EPS\148930_c.eps : [WinError 2] Le fichier spécifié est introuvable
2025-01-14 15:38:29,258 - INFO - Tentative de conversion de 148933_b.eps en JPG...
2025-01-14 15:38:29,261 - ERROR - Erreur lors de la conversion de \\Svlyofic102\stockage\GROUPE\FOS\Marketing\Phototheque\00_PHOTOS_HD_EPS_JPG\A vérifier par Cindy\EPS\148933_b.eps : [WinError 2] Le fichier spécifié est introuvable
2025-01-14 15:38:29,262 - INFO - Tentative de conversion de 150562.eps en JPG...
2025-01-14 15:38:29,265 - ERROR - Erreur lors de la conversion de \\Svlyofic102\stockage\GROUPE\FOS\Marketing\Phototheque\00_PHOTOS_HD_EPS_JPG\A vérifier par Cindy\EPS\150562.eps : [WinError 2] Le fichier spécifié est introuvable
2025-01-14 15:38:29,266 - INFO - Tentative de conversion de 150564.eps en JPG...
2025-01-14 15:38:29,268 - ERROR - Erreur lors de la conversion de \\Svlyofic102\stockage\GROUPE\FOS\Marketing\Phototheque\00_PHOTOS_HD_EPS_JPG\A vérifier par Cindy\EPS\150564.eps : [WinError 2] Le fichier spécifié est introuvable
2025-01-14 15:38:29,268 - INFO - Tentative de conversion de 150565.eps en JPG...
2025-01-14 15:38:29,271 - ERROR - Erreur lors de la conversion de \\Svlyofic102\stockage\GROUPE\FOS\Marketing\Phototheque\00_PHOTOS_HD_EPS_JPG\A vérifier par Cindy\EPS\150565.eps : [WinError 2] Le fichier spécifié est introuvable
2025-01-14 15:38:29,271 - INFO - Tentative de conversion de 150568.eps en JPG...
2025-01-14 15:38:29,274 - ERROR - Erreur lors de la conversion de \\Svlyofic102\stockage\GROUPE\FOS\Marketing\Phototheque\00_PHOTOS_HD_EPS_JPG\A vérifier par Cindy\EPS\150568.eps : [WinError 2] Le fichier spécifié est introuvable
2025-01-14 15:38:29,275 - INFO - Tentative de conversion de 150569.eps en JPG...
2025-01-14 15:38:29,277 - ERROR - Erreur lors de la conversion de \\Svlyofic102\stockage\GROUPE\FOS\Marketing\Phototheque\00_PHOTOS_HD_EPS_JPG\A vérifier par Cindy\EPS\150569.eps : [WinError 2] Le fichier spécifié est introuvable
2025-01-14 15:38:29,278 - INFO - Tentative de conversion de 150570.eps en JPG...
2025-01-14 15:38:29,282 - ERROR - Erreur lors de la conversion de \\Svlyofic102\stockage\GROUPE\FOS\Marketing\Phototheque\00_PHOTOS_HD_EPS_JPG\A vérifier par Cindy\EPS\150570.eps : [WinError 2] Le fichier spécifié est introuvable
2025-01-14 15:38:29,282 - INFO - Tentative de conversion de 150571.eps en JPG...
2025-01-14 15:38:29,285 - ERROR - Erreur lors de la conversion de \\Svlyofic102\stockage\GROUPE\FOS\Marketing\Phototheque\00_PHOTOS_HD_EPS_JPG\A vérifier par Cindy\EPS\150571.eps : [WinError 2] Le fichier spécifié est introuvable
2025-01-14 15:38:29,285 - INFO - Tentative de conversion de 150616.eps en JPG...
2025-01-14 15:38:29,287 - ERROR - Erreur lors de la conversion de \\Svlyofic102\stockage\GROUPE\FOS\Marketing\Phototheque\00_PHOTOS_HD_EPS_JPG\A vérifier par Cindy\EPS\150616.eps : [WinError 2] Le fichier spécifié est introuvable
2025-01-14 15:38:29,288 - INFO - Tentative de conversion de 150738.eps en JPG...
2025-01-14 15:38:29,290 - ERROR - Erreur lors de la conversion de \\Svlyofic102\stockage\GROUPE\FOS\Marketing\Phototheque\00_PHOTOS_HD_EPS_JPG\A vérifier par Cindy\EPS\150738.eps : [WinError 2] Le fichier spécifié est introuvable
2025-01-14 15:38:29,290 - INFO - Tentative de conversion de 150763.eps en JPG...
2025-01-14 15:38:29,293 - ERROR - Erreur lors de la conversion de \\Svlyofic102\stockage\GROUPE\FOS\Marketing\Phototheque\00_PHOTOS_HD_EPS_JPG\A vérifier par Cindy\EPS\150763.eps : [WinError 2] Le fichier spécifié est introuvable
2025-01-14 15:38:29,294 - INFO - Tentative de conversion de 150781.eps en JPG...
2025-01-14 15:38:29,297 - ERROR - Erreur lors de la conversion de \\Svlyofic102\stockage\GROUPE\FOS\Marketing\Phototheque\00_PHOTOS_HD_EPS_JPG\A vérifier par Cindy\EPS\150781.eps : [WinError 2] Le fichier spécifié est introuvable
2025-01-14 15:38:29,297 - INFO - Tentative de conversion de 150781_a.eps en JPG...
2025-01-14 15:38:29,300 - ERROR - Erreur lors de la conversion de \\Svlyofic102\stockage\GROUPE\FOS\Marketing\Phototheque\00_PHOTOS_HD_EPS_JPG\A vérifier par Cindy\EPS\150781_a.eps : [WinError 2] Le fichier spécifié est introuvable
2025-01-14 15:38:29,300 - INFO - Tentative de conversion de 150781_b.eps en JPG...
2025-01-14 15:38:29,303 - ERROR - Erreur lors de la conversion de \\Svlyofic102\stockage\GROUPE\FOS\Marketing\Phototheque\00_PHOTOS_HD_EPS_JPG\A vérifier par Cindy\EPS\150781_b.eps : [WinError 2] Le fichier spécifié est introuvable
2025-01-14 15:38:29,303 - INFO - Tentative de conversion de 150782.eps en JPG...
2025-01-14 15:38:29,305 - ERROR - Erreur lors de la conversion de \\Svlyofic102\stockage\GROUPE\FOS\Marketing\Phototheque\00_PHOTOS_HD_EPS_JPG\A vérifier par Cindy\EPS\150782.eps : [WinError 2] Le fichier spécifié est introuvable
2025-01-14 15:38:29,306 - INFO - Tentative de conversion de 150797.eps en JPG...
2025-01-14 15:38:29,308 - ERROR - Erreur lors de la conversion de \\Svlyofic102\stockage\GROUPE\FOS\Marketing\Phototheque\00_PHOTOS_HD_EPS_JPG\A vérifier par Cindy\EPS\150797.eps : [WinError 2] Le fichier spécifié est introuvable
2025-01-14 15:38:29,309 - INFO - Tentative de conversion de 150797_a.eps en JPG...
2025-01-14 15:38:29,312 - ERROR - Erreur lors de la conversion de \\Svlyofic102\stockage\GROUPE\FOS\Marketing\Phototheque\00_PHOTOS_HD_EPS_JPG\A vérifier par Cindy\EPS\150797_a.eps : [WinError 2] Le fichier spécifié est introuvable
2025-01-14 15:38:29,313 - INFO - Tentative de conversion de 150797_b.eps en JPG...
2025-01-14 15:38:29,315 - ERROR - Erreur lors de la conversion de \\Svlyofic102\stockage\GROUPE\FOS\Marketing\Phototheque\00_PHOTOS_HD_EPS_JPG\A vérifier par Cindy\EPS\150797_b.eps : [WinError 2] Le fichier spécifié est introuvable
2025-01-14 15:38:29,316 - INFO - Tentative de conversion de 150814_a.eps en JPG...
2025-01-14 15:38:29,318 - ERROR - Erreur lors de la conversion de \\Svlyofic102\stockage\GROUPE\FOS\Marketing\Phototheque\00_PHOTOS_HD_EPS_JPG\A vérifier par Cindy\EPS\150814_a.eps : [WinError 2] Le fichier spécifié est introuvable
2025-01-14 15:38:29,318 - INFO - Tentative de conversion de 150819.eps en JPG...
2025-01-14 15:38:29,321 - ERROR - Erreur lors de la conversion de \\Svlyofic102\stockage\GROUPE\FOS\Marketing\Phototheque\00_PHOTOS_HD_EPS_JPG\A vérifier par Cindy\EPS\150819.eps : [WinError 2] Le fichier spécifié est introuvable
2025-01-14 15:38:29,321 - INFO - Tentative de conversion de 150819_a.eps en JPG...
2025-01-14 15:38:29,324 - ERROR - Erreur lors de la conversion de \\Svlyofic102\stockage\GROUPE\FOS\Marketing\Phototheque\00_PHOTOS_HD_EPS_JPG\A vérifier par Cindy\EPS\150819_a.eps : [WinError 2] Le fichier spécifié est introuvable
2025-01-14 15:38:29,324 - INFO - Tentative de conversion de 150821.eps en JPG...
2025-01-14 15:38:29,327 - ERROR - Erreur lors de la conversion de \\Svlyofic102\stockage\GROUPE\FOS\Marketing\Phototheque\00_PHOTOS_HD_EPS_JPG\A vérifier par Cindy\EPS\150821.eps : [WinError 2] Le fichier spécifié est introuvable
2025-01-14 15:38:29,328 - INFO - Tentative de conversion de 150821_a.eps en JPG...
2025-01-14 15:38:29,331 - ERROR - Erreur lors de la conversion de \\Svlyofic102\stockage\GROUPE\FOS\Marketing\Phototheque\00_PHOTOS_HD_EPS_JPG\A vérifier par Cindy\EPS\150821_a.eps : [WinError 2] Le fichier spécifié est introuvable
2025-01-14 15:38:29,331 - INFO - Tentative de conversion de 150822_a.eps en JPG...
2025-01-14 15:38:29,333 - ERROR - Erreur lors de la conversion de \\Svlyofic102\stockage\GROUPE\FOS\Marketing\Phototheque\00_PHOTOS_HD_EPS_JPG\A vérifier par Cindy\EPS\150822_a.eps : [WinError 2] Le fichier spécifié est introuvable
2025-01-14 15:38:29,334 - INFO - Tentative de conversion de 150828.eps en JPG...
2025-01-14 15:38:29,336 - ERROR - Erreur lors de la conversion de \\Svlyofic102\stockage\GROUPE\FOS\Marketing\Phototheque\00_PHOTOS_HD_EPS_JPG\A vérifier par Cindy\EPS\150828.eps : [WinError 2] Le fichier spécifié est introuvable
2025-01-14 15:38:29,336 - INFO - Tentative de conversion de 150830.eps en JPG...
2025-01-14 15:38:29,338 - ERROR - Erreur lors de la conversion de \\Svlyofic102\stockage\GROUPE\FOS\Marketing\Phototheque\00_PHOTOS_HD_EPS_JPG\A vérifier par Cindy\EPS\150830.eps : [WinError 2] Le fichier spécifié est introuvable
2025-01-14 15:38:29,339 - INFO - Tentative de conversion de 150833.eps en JPG...
2025-01-14 15:38:29,341 - ERROR - Erreur lors de la conversion de \\Svlyofic102\stockage\GROUPE\FOS\Marketing\Phototheque\00_PHOTOS_HD_EPS_JPG\A vérifier par Cindy\EPS\150833.eps : [WinError 2] Le fichier spécifié est introuvable
2025-01-14 15:38:29,342 - INFO - Tentative de conversion de 150835.eps en JPG...
2025-01-14 15:38:29,345 - ERROR - Erreur lors de la conversion de \\Svlyofic102\stockage\GROUPE\FOS\Marketing\Phototheque\00_PHOTOS_HD_EPS_JPG\A vérifier par Cindy\EPS\150835.eps : [WinError 2] Le fichier spécifié est introuvable
2025-01-14 15:38:29,345 - INFO - Tentative de conversion de 150846.eps en JPG...
2025-01-14 15:38:29,348 - ERROR - Erreur lors de la conversion de \\Svlyofic102\stockage\GROUPE\FOS\Marketing\Phototheque\00_PHOTOS_HD_EPS_JPG\A vérifier par Cindy\EPS\150846.eps : [WinError 2] Le fichier spécifié est introuvable
2025-01-14 15:38:29,349 - INFO - Tentative de conversion de 150847.eps en JPG...
2025-01-14 15:38:29,351 - ERROR - Erreur lors de la conversion de \\Svlyofic102\stockage\GROUPE\FOS\Marketing\Phototheque\00_PHOTOS_HD_EPS_JPG\A vérifier par Cindy\EPS\150847.eps : [WinError 2] Le fichier spécifié est introuvable
2025-01-14 15:38:29,352 - INFO - Tentative de conversion de 150848.eps en JPG...
2025-01-14 15:38:29,354 - ERROR - Erreur lors de la conversion de \\Svlyofic102\stockage\GROUPE\FOS\Marketing\Phototheque\00_PHOTOS_HD_EPS_JPG\A vérifier par Cindy\EPS\150848.eps : [WinError 2] Le fichier spécifié est introuvable
2025-01-14 15:38:29,354 - INFO - Tentative de conversion de 150848_a.eps en JPG...
2025-01-14 15:38:29,357 - ERROR - Erreur lors de la conversion de \\Svlyofic102\stockage\GROUPE\FOS\Marketing\Phototheque\00_PHOTOS_HD_EPS_JPG\A vérifier par Cindy\EPS\150848_a.eps : [WinError 2] Le fichier spécifié est introuvable
2025-01-14 15:38:29,357 - INFO - Tentative de conversion de 150849.eps en JPG...
2025-01-14 15:38:29,360 - ERROR - Erreur lors de la conversion de \\Svlyofic102\stockage\GROUPE\FOS\Marketing\Phototheque\00_PHOTOS_HD_EPS_JPG\A vérifier par Cindy\EPS\150849.eps : [WinError 2] Le fichier spécifié est introuvable
2025-01-14 15:38:29,360 - INFO - Tentative de conversion de 150850.eps en JPG...
2025-01-14 15:38:29,363 - ERROR - Erreur lors de la conversion de \\Svlyofic102\stockage\GROUPE\FOS\Marketing\Phototheque\00_PHOTOS_HD_EPS_JPG\A vérifier par Cindy\EPS\150850.eps : [WinError 2] Le fichier spécifié est introuvable
2025-01-14 15:38:29,364 - INFO - Tentative de conversion de 150851.eps en JPG...
2025-01-14 15:38:29,366 - ERROR - Erreur lors de la conversion de \\Svlyofic102\stockage\GROUPE\FOS\Marketing\Phototheque\00_PHOTOS_HD_EPS_JPG\A vérifier par Cindy\EPS\150851.eps : [WinError 2] Le fichier spécifié est introuvable
2025-01-14 15:38:29,366 - INFO - Tentative de conversion de 150852.eps en JPG...
2025-01-14 15:38:29,369 - ERROR - Erreur lors de la conversion de \\Svlyofic102\stockage\GROUPE\FOS\Marketing\Phototheque\00_PHOTOS_HD_EPS_JPG\A vérifier par Cindy\EPS\150852.eps : [WinError 2] Le fichier spécifié est introuvable
2025-01-14 15:38:29,369 - INFO - Tentative de conversion de 150853.eps en JPG...
2025-01-14 15:38:29,371 - ERROR - Erreur lors de la conversion de \\Svlyofic102\stockage\GROUPE\FOS\Marketing\Phototheque\00_PHOTOS_HD_EPS_JPG\A vérifier par Cindy\EPS\150853.eps : [WinError 2] Le fichier spécifié est introuvable
2025-01-14 15:38:29,372 - INFO - Tentative de conversion de 150854.eps en JPG...
2025-01-14 15:38:29,374 - ERROR - Erreur lors de la conversion de \\Svlyofic102\stockage\GROUPE\FOS\Marketing\Phototheque\00_PHOTOS_HD_EPS_JPG\A vérifier par Cindy\EPS\150854.eps : [WinError 2] Le fichier spécifié est introuvable
2025-01-14 15:38:29,375 - INFO - Tentative de conversion de 150855.eps en JPG...
2025-01-14 15:38:29,379 - ERROR - Erreur lors de la conversion de \\Svlyofic102\stockage\GROUPE\FOS\Marketing\Phototheque\00_PHOTOS_HD_EPS_JPG\A vérifier par Cindy\EPS\150855.eps : [WinError 2] Le fichier spécifié est introuvable
2025-01-14 15:38:29,379 - INFO - Tentative de conversion de 150856.eps en JPG...
2025-01-14 15:38:29,382 - ERROR - Erreur lors de la conversion de \\Svlyofic102\stockage\GROUPE\FOS\Marketing\Phototheque\00_PHOTOS_HD_EPS_JPG\A vérifier par Cindy\EPS\150856.eps : [WinError 2] Le fichier spécifié est introuvable
2025-01-14 15:38:29,382 - INFO - Tentative de conversion de 150867_a.eps en JPG...
2025-01-14 15:38:29,385 - ERROR - Erreur lors de la conversion de \\Svlyofic102\stockage\GROUPE\FOS\Marketing\Phototheque\00_PHOTOS_HD_EPS_JPG\A vérifier par Cindy\EPS\150867_a.eps : [WinError 2] Le fichier spécifié est introuvable
2025-01-14 15:38:29,385 - INFO - Tentative de conversion de 150871.eps en JPG...
2025-01-14 15:38:29,388 - ERROR - Erreur lors de la conversion de \\Svlyofic102\stockage\GROUPE\FOS\Marketing\Phototheque\00_PHOTOS_HD_EPS_JPG\A vérifier par Cindy\EPS\150871.eps : [WinError 2] Le fichier spécifié est introuvable
2025-01-14 15:38:29,388 - INFO - Tentative de conversion de 150871_a.eps en JPG...
2025-01-14 15:38:29,391 - ERROR - Erreur lors de la conversion de \\Svlyofic102\stockage\GROUPE\FOS\Marketing\Phototheque\00_PHOTOS_HD_EPS_JPG\A vérifier par Cindy\EPS\150871_a.eps : [WinError 2] Le fichier spécifié est introuvable
2025-01-14 15:38:29,391 - INFO - Traitement terminé.
2025-01-14 15:39:23,850 - INFO - Tentative de conversion de 125853.eps en JPG...
2025-01-14 15:39:23,854 - ERROR - Erreur lors de la conversion de \\Svlyofic102\stockage\GROUPE\FOS\Marketing\Phototheque\00_PHOTOS_HD_EPS_JPG\A vérifier par Cindy\EPS\125853.eps : [WinError 2] Le fichier spécifié est introuvable
2025-01-14 15:39:23,854 - INFO - Tentative de conversion de 125867.eps en JPG...
2025-01-14 15:39:23,857 - ERROR - Erreur lors de la conversion de \\Svlyofic102\stockage\GROUPE\FOS\Marketing\Phototheque\00_PHOTOS_HD_EPS_JPG\A vérifier par Cindy\EPS\125867.eps : [WinError 2] Le fichier spécifié est introuvable
2025-01-14 15:39:23,858 - INFO - Tentative de conversion de 148731_c.eps en JPG...
2025-01-14 15:39:23,860 - ERROR - Erreur lors de la conversion de \\Svlyofic102\stockage\GROUPE\FOS\Marketing\Phototheque\00_PHOTOS_HD_EPS_JPG\A vérifier par Cindy\EPS\148731_c.eps : [WinError 2] Le fichier spécifié est introuvable
2025-01-14 15:39:23,861 - INFO - Tentative de conversion de 148734_b.eps en JPG...
2025-01-14 15:39:23,864 - ERROR - Erreur lors de la conversion de \\Svlyofic102\stockage\GROUPE\FOS\Marketing\Phototheque\00_PHOTOS_HD_EPS_JPG\A vérifier par Cindy\EPS\148734_b.eps : [WinError 2] Le fichier spécifié est introuvable
2025-01-14 15:39:23,865 - INFO - Tentative de conversion de 148822_b.eps en JPG...
2025-01-14 15:39:23,867 - ERROR - Erreur lors de la conversion de \\Svlyofic102\stockage\GROUPE\FOS\Marketing\Phototheque\00_PHOTOS_HD_EPS_JPG\A vérifier par Cindy\EPS\148822_b.eps : [WinError 2] Le fichier spécifié est introuvable
2025-01-14 15:39:23,868 - INFO - Tentative de conversion de 148866_b.eps en JPG...
2025-01-14 15:39:23,870 - ERROR - Erreur lors de la conversion de \\Svlyofic102\stockage\GROUPE\FOS\Marketing\Phototheque\00_PHOTOS_HD_EPS_JPG\A vérifier par Cindy\EPS\148866_b.eps : [WinError 2] Le fichier spécifié est introuvable
2025-01-14 15:39:23,870 - INFO - Tentative de conversion de 148930_c.eps en JPG...
2025-01-14 15:39:23,873 - ERROR - Erreur lors de la conversion de \\Svlyofic102\stockage\GROUPE\FOS\Marketing\Phototheque\00_PHOTOS_HD_EPS_JPG\A vérifier par Cindy\EPS\148930_c.eps : [WinError 2] Le fichier spécifié est introuvable
2025-01-14 15:39:23,874 - INFO - Tentative de conversion de 148933_b.eps en JPG...
2025-01-14 15:39:23,877 - ERROR - Erreur lors de la conversion de \\Svlyofic102\stockage\GROUPE\FOS\Marketing\Phototheque\00_PHOTOS_HD_EPS_JPG\A vérifier par Cindy\EPS\148933_b.eps : [WinError 2] Le fichier spécifié est introuvable
2025-01-14 15:39:23,878 - INFO - Tentative de conversion de 150562.eps en JPG...
2025-01-14 15:39:23,881 - ERROR - Erreur lors de la conversion de \\Svlyofic102\stockage\GROUPE\FOS\Marketing\Phototheque\00_PHOTOS_HD_EPS_JPG\A vérifier par Cindy\EPS\150562.eps : [WinError 2] Le fichier spécifié est introuvable
2025-01-14 15:39:23,881 - INFO - Tentative de conversion de 150564.eps en JPG...
2025-01-14 15:39:23,883 - ERROR - Erreur lors de la conversion de \\Svlyofic102\stockage\GROUPE\FOS\Marketing\Phototheque\00_PHOTOS_HD_EPS_JPG\A vérifier par Cindy\EPS\150564.eps : [WinError 2] Le fichier spécifié est introuvable
2025-01-14 15:39:23,883 - INFO - Tentative de conversion de 150565.eps en JPG...
2025-01-14 15:39:23,886 - ERROR - Erreur lors de la conversion de \\Svlyofic102\stockage\GROUPE\FOS\Marketing\Phototheque\00_PHOTOS_HD_EPS_JPG\A vérifier par Cindy\EPS\150565.eps : [WinError 2] Le fichier spécifié est introuvable
2025-01-14 15:39:23,886 - INFO - Tentative de conversion de 150568.eps en JPG...
2025-01-14 15:39:23,888 - ERROR - Erreur lors de la conversion de \\Svlyofic102\stockage\GROUPE\FOS\Marketing\Phototheque\00_PHOTOS_HD_EPS_JPG\A vérifier par Cindy\EPS\150568.eps : [WinError 2] Le fichier spécifié est introuvable
2025-01-14 15:39:23,889 - INFO - Tentative de conversion de 150569.eps en JPG...
2025-01-14 15:39:23,892 - ERROR - Erreur lors de la conversion de \\Svlyofic102\stockage\GROUPE\FOS\Marketing\Phototheque\00_PHOTOS_HD_EPS_JPG\A vérifier par Cindy\EPS\150569.eps : [WinError 2] Le fichier spécifié est introuvable
2025-01-14 15:39:23,892 - INFO - Tentative de conversion de 150570.eps en JPG...
2025-01-14 15:39:23,895 - ERROR - Erreur lors de la conversion de \\Svlyofic102\stockage\GROUPE\FOS\Marketing\Phototheque\00_PHOTOS_HD_EPS_JPG\A vérifier par Cindy\EPS\150570.eps : [WinError 2] Le fichier spécifié est introuvable
2025-01-14 15:39:23,895 - INFO - Tentative de conversion de 150571.eps en JPG...
2025-01-14 15:39:23,898 - ERROR - Erreur lors de la conversion de \\Svlyofic102\stockage\GROUPE\FOS\Marketing\Phototheque\00_PHOTOS_HD_EPS_JPG\A vérifier par Cindy\EPS\150571.eps : [WinError 2] Le fichier spécifié est introuvable
2025-01-14 15:39:23,898 - INFO - Tentative de conversion de 150616.eps en JPG...
2025-01-14 15:39:23,901 - ERROR - Erreur lors de la conversion de \\Svlyofic102\stockage\GROUPE\FOS\Marketing\Phototheque\00_PHOTOS_HD_EPS_JPG\A vérifier par Cindy\EPS\150616.eps : [WinError 2] Le fichier spécifié est introuvable
2025-01-14 15:39:23,901 - INFO - Tentative de conversion de 150738.eps en JPG...
2025-01-14 15:39:23,904 - ERROR - Erreur lors de la conversion de \\Svlyofic102\stockage\GROUPE\FOS\Marketing\Phototheque\00_PHOTOS_HD_EPS_JPG\A vérifier par Cindy\EPS\150738.eps : [WinError 2] Le fichier spécifié est introuvable
2025-01-14 15:39:23,904 - INFO - Tentative de conversion de 150763.eps en JPG...
2025-01-14 15:39:23,906 - ERROR - Erreur lors de la conversion de \\Svlyofic102\stockage\GROUPE\FOS\Marketing\Phototheque\00_PHOTOS_HD_EPS_JPG\A vérifier par Cindy\EPS\150763.eps : [WinError 2] Le fichier spécifié est introuvable
2025-01-14 15:39:23,907 - INFO - Tentative de conversion de 150781.eps en JPG...
2025-01-14 15:39:23,909 - ERROR - Erreur lors de la conversion de \\Svlyofic102\stockage\GROUPE\FOS\Marketing\Phototheque\00_PHOTOS_HD_EPS_JPG\A vérifier par Cindy\EPS\150781.eps : [WinError 2] Le fichier spécifié est introuvable
2025-01-14 15:39:23,910 - INFO - Tentative de conversion de 150781_a.eps en JPG...
2025-01-14 15:39:23,913 - ERROR - Erreur lors de la conversion de \\Svlyofic102\stockage\GROUPE\FOS\Marketing\Phototheque\00_PHOTOS_HD_EPS_JPG\A vérifier par Cindy\EPS\150781_a.eps : [WinError 2] Le fichier spécifié est introuvable
2025-01-14 15:39:23,913 - INFO - Tentative de conversion de 150781_b.eps en JPG...
2025-01-14 15:39:23,916 - ERROR - Erreur lors de la conversion de \\Svlyofic102\stockage\GROUPE\FOS\Marketing\Phototheque\00_PHOTOS_HD_EPS_JPG\A vérifier par Cindy\EPS\150781_b.eps : [WinError 2] Le fichier spécifié est introuvable
2025-01-14 15:39:23,916 - INFO - Tentative de conversion de 150782.eps en JPG...
2025-01-14 15:39:23,919 - ERROR - Erreur lors de la conversion de \\Svlyofic102\stockage\GROUPE\FOS\Marketing\Phototheque\00_PHOTOS_HD_EPS_JPG\A vérifier par Cindy\EPS\150782.eps : [WinError 2] Le fichier spécifié est introuvable
2025-01-14 15:39:23,919 - INFO - Tentative de conversion de 150797.eps en JPG...
2025-01-14 15:39:23,922 - ERROR - Erreur lors de la conversion de \\Svlyofic102\stockage\GROUPE\FOS\Marketing\Phototheque\00_PHOTOS_HD_EPS_JPG\A vérifier par Cindy\EPS\150797.eps : [WinError 2] Le fichier spécifié est introuvable
2025-01-14 15:39:23,923 - INFO - Tentative de conversion de 150797_a.eps en JPG...
2025-01-14 15:39:23,926 - ERROR - Erreur lors de la conversion de \\Svlyofic102\stockage\GROUPE\FOS\Marketing\Phototheque\00_PHOTOS_HD_EPS_JPG\A vérifier par Cindy\EPS\150797_a.eps : [WinError 2] Le fichier spécifié est introuvable
2025-01-14 15:39:23,926 - INFO - Tentative de conversion de 150797_b.eps en JPG...
2025-01-14 15:39:23,930 - ERROR - Erreur lors de la conversion de \\Svlyofic102\stockage\GROUPE\FOS\Marketing\Phototheque\00_PHOTOS_HD_EPS_JPG\A vérifier par Cindy\EPS\150797_b.eps : [WinError 2] Le fichier spécifié est introuvable
2025-01-14 15:39:23,930 - INFO - Tentative de conversion de 150814_a.eps en JPG...
2025-01-14 15:39:23,933 - ERROR - Erreur lors de la conversion de \\Svlyofic102\stockage\GROUPE\FOS\Marketing\Phototheque\00_PHOTOS_HD_EPS_JPG\A vérifier par Cindy\EPS\150814_a.eps : [WinError 2] Le fichier spécifié est introuvable
2025-01-14 15:39:23,933 - INFO - Tentative de conversion de 150819.eps en JPG...
2025-01-14 15:39:23,936 - ERROR - Erreur lors de la conversion de \\Svlyofic102\stockage\GROUPE\FOS\Marketing\Phototheque\00_PHOTOS_HD_EPS_JPG\A vérifier par Cindy\EPS\150819.eps : [WinError 2] Le fichier spécifié est introuvable
2025-01-14 15:39:23,936 - INFO - Tentative de conversion de 150819_a.eps en JPG...
2025-01-14 15:39:23,939 - ERROR - Erreur lors de la conversion de \\Svlyofic102\stockage\GROUPE\FOS\Marketing\Phototheque\00_PHOTOS_HD_EPS_JPG\A vérifier par Cindy\EPS\150819_a.eps : [WinError 2] Le fichier spécifié est introuvable
2025-01-14 15:39:23,939 - INFO - Tentative de conversion de 150821.eps en JPG...
2025-01-14 15:39:23,942 - ERROR - Erreur lors de la conversion de \\Svlyofic102\stockage\GROUPE\FOS\Marketing\Phototheque\00_PHOTOS_HD_EPS_JPG\A vérifier par Cindy\EPS\150821.eps : [WinError 2] Le fichier spécifié est introuvable
2025-01-14 15:39:23,942 - INFO - Tentative de conversion de 150821_a.eps en JPG...
2025-01-14 15:39:23,945 - ERROR - Erreur lors de la conversion de \\Svlyofic102\stockage\GROUPE\FOS\Marketing\Phototheque\00_PHOTOS_HD_EPS_JPG\A vérifier par Cindy\EPS\150821_a.eps : [WinError 2] Le fichier spécifié est introuvable
2025-01-14 15:39:23,946 - INFO - Tentative de conversion de 150822_a.eps en JPG...
2025-01-14 15:39:23,949 - ERROR - Erreur lors de la conversion de \\Svlyofic102\stockage\GROUPE\FOS\Marketing\Phototheque\00_PHOTOS_HD_EPS_JPG\A vérifier par Cindy\EPS\150822_a.eps : [WinError 2] Le fichier spécifié est introuvable
2025-01-14 15:39:23,949 - INFO - Tentative de conversion de 150828.eps en JPG...
2025-01-14 15:39:23,951 - ERROR - Erreur lors de la conversion de \\Svlyofic102\stockage\GROUPE\FOS\Marketing\Phototheque\00_PHOTOS_HD_EPS_JPG\A vérifier par Cindy\EPS\150828.eps : [WinError 2] Le fichier spécifié est introuvable
2025-01-14 15:39:23,952 - INFO - Tentative de conversion de 150830.eps en JPG...
2025-01-14 15:39:23,954 - ERROR - Erreur lors de la conversion de \\Svlyofic102\stockage\GROUPE\FOS\Marketing\Phototheque\00_PHOTOS_HD_EPS_JPG\A vérifier par Cindy\EPS\150830.eps : [WinError 2] Le fichier spécifié est introuvable
2025-01-14 15:39:23,955 - INFO - Tentative de conversion de 150833.eps en JPG...
2025-01-14 15:39:23,957 - ERROR - Erreur lors de la conversion de \\Svlyofic102\stockage\GROUPE\FOS\Marketing\Phototheque\00_PHOTOS_HD_EPS_JPG\A vérifier par Cindy\EPS\150833.eps : [WinError 2] Le fichier spécifié est introuvable
2025-01-14 15:39:23,958 - INFO - Tentative de conversion de 150835.eps en JPG...
2025-01-14 15:39:23,961 - ERROR - Erreur lors de la conversion de \\Svlyofic102\stockage\GROUPE\FOS\Marketing\Phototheque\00_PHOTOS_HD_EPS_JPG\A vérifier par Cindy\EPS\150835.eps : [WinError 2] Le fichier spécifié est introuvable
2025-01-14 15:39:23,962 - INFO - Tentative de conversion de 150846.eps en JPG...
2025-01-14 15:39:23,965 - ERROR - Erreur lors de la conversion de \\Svlyofic102\stockage\GROUPE\FOS\Marketing\Phototheque\00_PHOTOS_HD_EPS_JPG\A vérifier par Cindy\EPS\150846.eps : [WinError 2] Le fichier spécifié est introuvable
2025-01-14 15:39:23,965 - INFO - Tentative de conversion de 150847.eps en JPG...
2025-01-14 15:39:23,968 - ERROR - Erreur lors de la conversion de \\Svlyofic102\stockage\GROUPE\FOS\Marketing\Phototheque\00_PHOTOS_HD_EPS_JPG\A vérifier par Cindy\EPS\150847.eps : [WinError 2] Le fichier spécifié est introuvable
2025-01-14 15:39:23,968 - INFO - Tentative de conversion de 150848.eps en JPG...
2025-01-14 15:39:23,970 - ERROR - Erreur lors de la conversion de \\Svlyofic102\stockage\GROUPE\FOS\Marketing\Phototheque\00_PHOTOS_HD_EPS_JPG\A vérifier par Cindy\EPS\150848.eps : [WinError 2] Le fichier spécifié est introuvable
2025-01-14 15:39:23,971 - INFO - Tentative de conversion de 150848_a.eps en JPG...
2025-01-14 15:39:23,973 - ERROR - Erreur lors de la conversion de \\Svlyofic102\stockage\GROUPE\FOS\Marketing\Phototheque\00_PHOTOS_HD_EPS_JPG\A vérifier par Cindy\EPS\150848_a.eps : [WinError 2] Le fichier spécifié est introuvable
2025-01-14 15:39:23,974 - INFO - Tentative de conversion de 150849.eps en JPG...
2025-01-14 15:39:23,978 - ERROR - Erreur lors de la conversion de \\Svlyofic102\stockage\GROUPE\FOS\Marketing\Phototheque\00_PHOTOS_HD_EPS_JPG\A vérifier par Cindy\EPS\150849.eps : [WinError 2] Le fichier spécifié est introuvable
2025-01-14 15:39:23,978 - INFO - Tentative de conversion de 150850.eps en JPG...
2025-01-14 15:39:23,981 - ERROR - Erreur lors de la conversion de \\Svlyofic102\stockage\GROUPE\FOS\Marketing\Phototheque\00_PHOTOS_HD_EPS_JPG\A vérifier par Cindy\EPS\150850.eps : [WinError 2] Le fichier spécifié est introuvable
2025-01-14 15:39:23,982 - INFO - Tentative de conversion de 150851.eps en JPG...
2025-01-14 15:39:23,984 - ERROR - Erreur lors de la conversion de \\Svlyofic102\stockage\GROUPE\FOS\Marketing\Phototheque\00_PHOTOS_HD_EPS_JPG\A vérifier par Cindy\EPS\150851.eps : [WinError 2] Le fichier spécifié est introuvable
2025-01-14 15:39:23,985 - INFO - Tentative de conversion de 150852.eps en JPG...
2025-01-14 15:39:23,987 - ERROR - Erreur lors de la conversion de \\Svlyofic102\stockage\GROUPE\FOS\Marketing\Phototheque\00_PHOTOS_HD_EPS_JPG\A vérifier par Cindy\EPS\150852.eps : [WinError 2] Le fichier spécifié est introuvable
2025-01-14 15:39:23,988 - INFO - Tentative de conversion de 150853.eps en JPG...
2025-01-14 15:39:23,990 - ERROR - Erreur lors de la conversion de \\Svlyofic102\stockage\GROUPE\FOS\Marketing\Phototheque\00_PHOTOS_HD_EPS_JPG\A vérifier par Cindy\EPS\150853.eps : [WinError 2] Le fichier spécifié est introuvable
2025-01-14 15:39:23,991 - INFO - Tentative de conversion de 150854.eps en JPG...
2025-01-14 15:39:23,994 - ERROR - Erreur lors de la conversion de \\Svlyofic102\stockage\GROUPE\FOS\Marketing\Phototheque\00_PHOTOS_HD_EPS_JPG\A vérifier par Cindy\EPS\150854.eps : [WinError 2] Le fichier spécifié est introuvable
2025-01-14 15:39:23,994 - INFO - Tentative de conversion de 150855.eps en JPG...
2025-01-14 15:39:23,998 - ERROR - Erreur lors de la conversion de \\Svlyofic102\stockage\GROUPE\FOS\Marketing\Phototheque\00_PHOTOS_HD_EPS_JPG\A vérifier par Cindy\EPS\150855.eps : [WinError 2] Le fichier spécifié est introuvable
2025-01-14 15:39:23,999 - INFO - Tentative de conversion de 150856.eps en JPG...
2025-01-14 15:39:24,002 - ERROR - Erreur lors de la conversion de \\Svlyofic102\stockage\GROUPE\FOS\Marketing\Phototheque\00_PHOTOS_HD_EPS_JPG\A vérifier par Cindy\EPS\150856.eps : [WinError 2] Le fichier spécifié est introuvable
2025-01-14 15:39:24,002 - INFO - Tentative de conversion de 150867_a.eps en JPG...
2025-01-14 15:39:24,005 - ERROR - Erreur lors de la conversion de \\Svlyofic102\stockage\GROUPE\FOS\Marketing\Phototheque\00_PHOTOS_HD_EPS_JPG\A vérifier par Cindy\EPS\150867_a.eps : [WinError 2] Le fichier spécifié est introuvable
2025-01-14 15:39:24,005 - INFO - Tentative de conversion de 150871.eps en JPG...
2025-01-14 15:39:24,007 - ERROR - Erreur lors de la conversion de \\Svlyofic102\stockage\GROUPE\FOS\Marketing\Phototheque\00_PHOTOS_HD_EPS_JPG\A vérifier par Cindy\EPS\150871.eps : [WinError 2] Le fichier spécifié est introuvable
2025-01-14 15:39:24,008 - INFO - Tentative de conversion de 150871_a.eps en JPG...
2025-01-14 15:39:24,012 - ERROR - Erreur lors de la conversion de \\Svlyofic102\stockage\GROUPE\FOS\Marketing\Phototheque\00_PHOTOS_HD_EPS_JPG\A vérifier par Cindy\EPS\150871_a.eps : [WinError 2] Le fichier spécifié est introuvable
2025-01-14 15:39:24,012 - INFO - Traitement terminé.
2025-01-14 15:43:18,198 - INFO - Tentative de conversion de 125853.eps en JPG...
2025-01-14 15:43:18,198 - INFO - PNG Path : \\Svlyofic102\stockage\GROUPE\FOS\Marketing\Phototheque\00_PHOTOS_HD_EPS_JPG\A vérifier par Cindy\JPG\125853.png
2025-01-14 15:43:18,202 - ERROR - Erreur lors de la conversion de \\Svlyofic102\stockage\GROUPE\FOS\Marketing\Phototheque\00_PHOTOS_HD_EPS_JPG\A vérifier par Cindy\EPS\125853.eps : [WinError 2] Le fichier spécifié est introuvable
2025-01-14 15:43:18,202 - INFO - Tentative de conversion de 125867.eps en JPG...
2025-01-14 15:43:18,202 - INFO - PNG Path : \\Svlyofic102\stockage\GROUPE\FOS\Marketing\Phototheque\00_PHOTOS_HD_EPS_JPG\A vérifier par Cindy\JPG\125867.png
2025-01-14 15:43:18,204 - ERROR - Erreur lors de la conversion de \\Svlyofic102\stockage\GROUPE\FOS\Marketing\Phototheque\00_PHOTOS_HD_EPS_JPG\A vérifier par Cindy\EPS\125867.eps : [WinError 2] Le fichier spécifié est introuvable
2025-01-14 15:43:18,204 - INFO - Tentative de conversion de 148731_c.eps en JPG...
2025-01-14 15:43:18,205 - INFO - PNG Path : \\Svlyofic102\stockage\GROUPE\FOS\Marketing\Phototheque\00_PHOTOS_HD_EPS_JPG\A vérifier par Cindy\JPG\148731_c.png
2025-01-14 15:43:18,207 - ERROR - Erreur lors de la conversion de \\Svlyofic102\stockage\GROUPE\FOS\Marketing\Phototheque\00_PHOTOS_HD_EPS_JPG\A vérifier par Cindy\EPS\148731_c.eps : [WinError 2] Le fichier spécifié est introuvable
2025-01-14 15:43:18,207 - INFO - Tentative de conversion de 148734_b.eps en JPG...
2025-01-14 15:43:18,207 - INFO - PNG Path : \\Svlyofic102\stockage\GROUPE\FOS\Marketing\Phototheque\00_PHOTOS_HD_EPS_JPG\A vérifier par Cindy\JPG\148734_b.png
2025-01-14 15:43:18,209 - ERROR - Erreur lors de la conversion de \\Svlyofic102\stockage\GROUPE\FOS\Marketing\Phototheque\00_PHOTOS_HD_EPS_JPG\A vérifier par Cindy\EPS\148734_b.eps : [WinError 2] Le fichier spécifié est introuvable
2025-01-14 15:43:18,209 - INFO - Tentative de conversion de 148822_b.eps en JPG...
2025-01-14 15:43:18,209 - INFO - PNG Path : \\Svlyofic102\stockage\GROUPE\FOS\Marketing\Phototheque\00_PHOTOS_HD_EPS_JPG\A vérifier par Cindy\JPG\148822_b.png
2025-01-14 15:43:18,211 - ERROR - Erreur lors de la conversion de \\Svlyofic102\stockage\GROUPE\FOS\Marketing\Phototheque\00_PHOTOS_HD_EPS_JPG\A vérifier par Cindy\EPS\148822_b.eps : [WinError 2] Le fichier spécifié est introuvable
2025-01-14 15:43:18,212 - INFO - Tentative de conversion de 148866_b.eps en JPG...
2025-01-14 15:43:18,212 - INFO - PNG Path : \\Svlyofic102\stockage\GROUPE\FOS\Marketing\Phototheque\00_PHOTOS_HD_EPS_JPG\A vérifier par Cindy\JPG\148866_b.png
2025-01-14 15:43:18,214 - ERROR - Erreur lors de la conversion de \\Svlyofic102\stockage\GROUPE\FOS\Marketing\Phototheque\00_PHOTOS_HD_EPS_JPG\A vérifier par Cindy\EPS\148866_b.eps : [WinError 2] Le fichier spécifié est introuvable
2025-01-14 15:43:18,215 - INFO - Tentative de conversion de 148930_c.eps en JPG...
2025-01-14 15:43:18,215 - INFO - PNG Path : \\Svlyofic102\stockage\GROUPE\FOS\Marketing\Phototheque\00_PHOTOS_HD_EPS_JPG\A vérifier par Cindy\JPG\148930_c.png
2025-01-14 15:43:18,219 - ERROR - Erreur lors de la conversion de \\Svlyofic102\stockage\GROUPE\FOS\Marketing\Phototheque\00_PHOTOS_HD_EPS_JPG\A vérifier par Cindy\EPS\148930_c.eps : [WinError 2] Le fichier spécifié est introuvable
2025-01-14 15:43:18,219 - INFO - Tentative de conversion de 148933_b.eps en JPG...
2025-01-14 15:43:18,219 - INFO - PNG Path : \\Svlyofic102\stockage\GROUPE\FOS\Marketing\Phototheque\00_PHOTOS_HD_EPS_JPG\A vérifier par Cindy\JPG\148933_b.png
2025-01-14 15:43:18,222 - ERROR - Erreur lors de la conversion de \\Svlyofic102\stockage\GROUPE\FOS\Marketing\Phototheque\00_PHOTOS_HD_EPS_JPG\A vérifier par Cindy\EPS\148933_b.eps : [WinError 2] Le fichier spécifié est introuvable
2025-01-14 15:43:18,222 - INFO - Tentative de conversion de 150562.eps en JPG...
2025-01-14 15:43:18,223 - INFO - PNG Path : \\Svlyofic102\stockage\GROUPE\FOS\Marketing\Phototheque\00_PHOTOS_HD_EPS_JPG\A vérifier par Cindy\JPG\150562.png
2025-01-14 15:43:18,225 - ERROR - Erreur lors de la conversion de \\Svlyofic102\stockage\GROUPE\FOS\Marketing\Phototheque\00_PHOTOS_HD_EPS_JPG\A vérifier par Cindy\EPS\150562.eps : [WinError 2] Le fichier spécifié est introuvable
2025-01-14 15:43:18,226 - INFO - Tentative de conversion de 150564.eps en JPG...
2025-01-14 15:43:18,226 - INFO - PNG Path : \\Svlyofic102\stockage\GROUPE\FOS\Marketing\Phototheque\00_PHOTOS_HD_EPS_JPG\A vérifier par Cindy\JPG\150564.png
2025-01-14 15:43:18,228 - ERROR - Erreur lors de la conversion de \\Svlyofic102\stockage\GROUPE\FOS\Marketing\Phototheque\00_PHOTOS_HD_EPS_JPG\A vérifier par Cindy\EPS\150564.eps : [WinError 2] Le fichier spécifié est introuvable
2025-01-14 15:43:18,229 - INFO - Tentative de conversion de 150565.eps en JPG...
2025-01-14 15:43:18,229 - INFO - PNG Path : \\Svlyofic102\stockage\GROUPE\FOS\Marketing\Phototheque\00_PHOTOS_HD_EPS_JPG\A vérifier par Cindy\JPG\150565.png
2025-01-14 15:43:18,231 - ERROR - Erreur lors de la conversion de \\Svlyofic102\stockage\GROUPE\FOS\Marketing\Phototheque\00_PHOTOS_HD_EPS_JPG\A vérifier par Cindy\EPS\150565.eps : [WinError 2] Le fichier spécifié est introuvable
2025-01-14 15:43:18,232 - INFO - Tentative de conversion de 150568.eps en JPG...
2025-01-14 15:43:18,232 - INFO - PNG Path : \\Svlyofic102\stockage\GROUPE\FOS\Marketing\Phototheque\00_PHOTOS_HD_EPS_JPG\A vérifier par Cindy\JPG\150568.png
2025-01-14 15:43:18,234 - ERROR - Erreur lors de la conversion de \\Svlyofic102\stockage\GROUPE\FOS\Marketing\Phototheque\00_PHOTOS_HD_EPS_JPG\A vérifier par Cindy\EPS\150568.eps : [WinError 2] Le fichier spécifié est introuvable
2025-01-14 15:43:18,235 - INFO - Tentative de conversion de 150569.eps en JPG...
2025-01-14 15:43:18,235 - INFO - PNG Path : \\Svlyofic102\stockage\GROUPE\FOS\Marketing\Phototheque\00_PHOTOS_HD_EPS_JPG\A vérifier par Cindy\JPG\150569.png
2025-01-14 15:43:18,237 - ERROR - Erreur lors de la conversion de \\Svlyofic102\stockage\GROUPE\FOS\Marketing\Phototheque\00_PHOTOS_HD_EPS_JPG\A vérifier par Cindy\EPS\150569.eps : [WinError 2] Le fichier spécifié est introuvable
2025-01-14 15:43:18,238 - INFO - Tentative de conversion de 150570.eps en JPG...
2025-01-14 15:43:18,238 - INFO - PNG Path : \\Svlyofic102\stockage\GROUPE\FOS\Marketing\Phototheque\00_PHOTOS_HD_EPS_JPG\A vérifier par Cindy\JPG\150570.png
2025-01-14 15:43:18,241 - ERROR - Erreur lors de la conversion de \\Svlyofic102\stockage\GROUPE\FOS\Marketing\Phototheque\00_PHOTOS_HD_EPS_JPG\A vérifier par Cindy\EPS\150570.eps : [WinError 2] Le fichier spécifié est introuvable
2025-01-14 15:43:18,241 - INFO - Tentative de conversion de 150571.eps en JPG...
2025-01-14 15:43:18,242 - INFO - PNG Path : \\Svlyofic102\stockage\GROUPE\FOS\Marketing\Phototheque\00_PHOTOS_HD_EPS_JPG\A vérifier par Cindy\JPG\150571.png
2025-01-14 15:43:18,245 - ERROR - Erreur lors de la conversion de \\Svlyofic102\stockage\GROUPE\FOS\Marketing\Phototheque\00_PHOTOS_HD_EPS_JPG\A vérifier par Cindy\EPS\150571.eps : [WinError 2] Le fichier spécifié est introuvable
2025-01-14 15:43:18,245 - INFO - Tentative de conversion de 150616.eps en JPG...
2025-01-14 15:43:18,245 - INFO - PNG Path : \\Svlyofic102\stockage\GROUPE\FOS\Marketing\Phototheque\00_PHOTOS_HD_EPS_JPG\A vérifier par Cindy\JPG\150616.png
2025-01-14 15:43:18,248 - ERROR - Erreur lors de la conversion de \\Svlyofic102\stockage\GROUPE\FOS\Marketing\Phototheque\00_PHOTOS_HD_EPS_JPG\A vérifier par Cindy\EPS\150616.eps : [WinError 2] Le fichier spécifié est introuvable
2025-01-14 15:43:18,248 - INFO - Tentative de conversion de 150738.eps en JPG...
2025-01-14 15:43:18,248 - INFO - PNG Path : \\Svlyofic102\stockage\GROUPE\FOS\Marketing\Phototheque\00_PHOTOS_HD_EPS_JPG\A vérifier par Cindy\JPG\150738.png
2025-01-14 15:43:18,251 - ERROR - Erreur lors de la conversion de \\Svlyofic102\stockage\GROUPE\FOS\Marketing\Phototheque\00_PHOTOS_HD_EPS_JPG\A vérifier par Cindy\EPS\150738.eps : [WinError 2] Le fichier spécifié est introuvable
2025-01-14 15:43:18,251 - INFO - Tentative de conversion de 150763.eps en JPG...
2025-01-14 15:43:18,251 - INFO - PNG Path : \\Svlyofic102\stockage\GROUPE\FOS\Marketing\Phototheque\00_PHOTOS_HD_EPS_JPG\A vérifier par Cindy\JPG\150763.png
2025-01-14 15:43:18,253 - ERROR - Erreur lors de la conversion de \\Svlyofic102\stockage\GROUPE\FOS\Marketing\Phototheque\00_PHOTOS_HD_EPS_JPG\A vérifier par Cindy\EPS\150763.eps : [WinError 2] Le fichier spécifié est introuvable
2025-01-14 15:43:18,254 - INFO - Tentative de conversion de 150781.eps en JPG...
2025-01-14 15:43:18,254 - INFO - PNG Path : \\Svlyofic102\stockage\GROUPE\FOS\Marketing\Phototheque\00_PHOTOS_HD_EPS_JPG\A vérifier par Cindy\JPG\150781.png
2025-01-14 15:43:18,257 - ERROR - Erreur lors de la conversion de \\Svlyofic102\stockage\GROUPE\FOS\Marketing\Phototheque\00_PHOTOS_HD_EPS_JPG\A vérifier par Cindy\EPS\150781.eps : [WinError 2] Le fichier spécifié est introuvable
2025-01-14 15:43:18,257 - INFO - Tentative de conversion de 150781_a.eps en JPG...
2025-01-14 15:43:18,258 - INFO - PNG Path : \\Svlyofic102\stockage\GROUPE\FOS\Marketing\Phototheque\00_PHOTOS_HD_EPS_JPG\A vérifier par Cindy\JPG\150781_a.png
2025-01-14 15:43:18,260 - ERROR - Erreur lors de la conversion de \\Svlyofic102\stockage\GROUPE\FOS\Marketing\Phototheque\00_PHOTOS_HD_EPS_JPG\A vérifier par Cindy\EPS\150781_a.eps : [WinError 2] Le fichier spécifié est introuvable
2025-01-14 15:43:18,260 - INFO - Tentative de conversion de 150781_b.eps en JPG...
2025-01-14 15:43:18,261 - INFO - PNG Path : \\Svlyofic102\stockage\GROUPE\FOS\Marketing\Phototheque\00_PHOTOS_HD_EPS_JPG\A vérifier par Cindy\JPG\150781_b.png
2025-01-14 15:43:18,263 - ERROR - Erreur lors de la conversion de \\Svlyofic102\stockage\GROUPE\FOS\Marketing\Phototheque\00_PHOTOS_HD_EPS_JPG\A vérifier par Cindy\EPS\150781_b.eps : [WinError 2] Le fichier spécifié est introuvable
2025-01-14 15:43:18,263 - INFO - Tentative de conversion de 150782.eps en JPG...
2025-01-14 15:43:18,264 - INFO - PNG Path : \\Svlyofic102\stockage\GROUPE\FOS\Marketing\Phototheque\00_PHOTOS_HD_EPS_JPG\A vérifier par Cindy\JPG\150782.png
2025-01-14 15:43:18,266 - ERROR - Erreur lors de la conversion de \\Svlyofic102\stockage\GROUPE\FOS\Marketing\Phototheque\00_PHOTOS_HD_EPS_JPG\A vérifier par Cindy\EPS\150782.eps : [WinError 2] Le fichier spécifié est introuvable
2025-01-14 15:43:18,266 - INFO - Tentative de conversion de 150797.eps en JPG...
2025-01-14 15:43:18,267 - INFO - PNG Path : \\Svlyofic102\stockage\GROUPE\FOS\Marketing\Phototheque\00_PHOTOS_HD_EPS_JPG\A vérifier par Cindy\JPG\150797.png
2025-01-14 15:43:18,269 - ERROR - Erreur lors de la conversion de \\Svlyofic102\stockage\GROUPE\FOS\Marketing\Phototheque\00_PHOTOS_HD_EPS_JPG\A vérifier par Cindy\EPS\150797.eps : [WinError 2] Le fichier spécifié est introuvable
2025-01-14 15:43:18,269 - INFO - Tentative de conversion de 150797_a.eps en JPG...
2025-01-14 15:43:18,269 - INFO - PNG Path : \\Svlyofic102\stockage\GROUPE\FOS\Marketing\Phototheque\00_PHOTOS_HD_EPS_JPG\A vérifier par Cindy\JPG\150797_a.png
2025-01-14 15:43:18,271 - ERROR - Erreur lors de la conversion de \\Svlyofic102\stockage\GROUPE\FOS\Marketing\Phototheque\00_PHOTOS_HD_EPS_JPG\A vérifier par Cindy\EPS\150797_a.eps : [WinError 2] Le fichier spécifié est introuvable
2025-01-14 15:43:18,272 - INFO - Tentative de conversion de 150797_b.eps en JPG...
2025-01-14 15:43:18,272 - INFO - PNG Path : \\Svlyofic102\stockage\GROUPE\FOS\Marketing\Phototheque\00_PHOTOS_HD_EPS_JPG\A vérifier par Cindy\JPG\150797_b.png
2025-01-14 15:43:18,275 - ERROR - Erreur lors de la conversion de \\Svlyofic102\stockage\GROUPE\FOS\Marketing\Phototheque\00_PHOTOS_HD_EPS_JPG\A vérifier par Cindy\EPS\150797_b.eps : [WinError 2] Le fichier spécifié est introuvable
2025-01-14 15:43:18,275 - INFO - Tentative de conversion de 150814_a.eps en JPG...
2025-01-14 15:43:18,276 - INFO - PNG Path : \\Svlyofic102\stockage\GROUPE\FOS\Marketing\Phototheque\00_PHOTOS_HD_EPS_JPG\A vérifier par Cindy\JPG\150814_a.png
2025-01-14 15:43:18,279 - ERROR - Erreur lors de la conversion de \\Svlyofic102\stockage\GROUPE\FOS\Marketing\Phototheque\00_PHOTOS_HD_EPS_JPG\A vérifier par Cindy\EPS\150814_a.eps : [WinError 2] Le fichier spécifié est introuvable
2025-01-14 15:43:18,279 - INFO - Tentative de conversion de 150819.eps en JPG...
2025-01-14 15:43:18,279 - INFO - PNG Path : \\Svlyofic102\stockage\GROUPE\FOS\Marketing\Phototheque\00_PHOTOS_HD_EPS_JPG\A vérifier par Cindy\JPG\150819.png
2025-01-14 15:43:18,282 - ERROR - Erreur lors de la conversion de \\Svlyofic102\stockage\GROUPE\FOS\Marketing\Phototheque\00_PHOTOS_HD_EPS_JPG\A vérifier par Cindy\EPS\150819.eps : [WinError 2] Le fichier spécifié est introuvable
2025-01-14 15:43:18,282 - INFO - Tentative de conversion de 150819_a.eps en JPG...
2025-01-14 15:43:18,283 - INFO - PNG Path : \\Svlyofic102\stockage\GROUPE\FOS\Marketing\Phototheque\00_PHOTOS_HD_EPS_JPG\A vérifier par Cindy\JPG\150819_a.png
2025-01-14 15:43:18,285 - ERROR - Erreur lors de la conversion de \\Svlyofic102\stockage\GROUPE\FOS\Marketing\Phototheque\00_PHOTOS_HD_EPS_JPG\A vérifier par Cindy\EPS\150819_a.eps : [WinError 2] Le fichier spécifié est introuvable
2025-01-14 15:43:18,285 - INFO - Tentative de conversion de 150821.eps en JPG...
2025-01-14 15:43:18,285 - INFO - PNG Path : \\Svlyofic102\stockage\GROUPE\FOS\Marketing\Phototheque\00_PHOTOS_HD_EPS_JPG\A vérifier par Cindy\JPG\150821.png
2025-01-14 15:43:18,288 - ERROR - Erreur lors de la conversion de \\Svlyofic102\stockage\GROUPE\FOS\Marketing\Phototheque\00_PHOTOS_HD_EPS_JPG\A vérifier par Cindy\EPS\150821.eps : [WinError 2] Le fichier spécifié est introuvable
2025-01-14 15:43:18,288 - INFO - Tentative de conversion de 150821_a.eps en JPG...
2025-01-14 15:43:18,288 - INFO - PNG Path : \\Svlyofic102\stockage\GROUPE\FOS\Marketing\Phototheque\00_PHOTOS_HD_EPS_JPG\A vérifier par Cindy\JPG\150821_a.png
2025-01-14 15:43:18,291 - ERROR - Erreur lors de la conversion de \\Svlyofic102\stockage\GROUPE\FOS\Marketing\Phototheque\00_PHOTOS_HD_EPS_JPG\A vérifier par Cindy\EPS\150821_a.eps : [WinError 2] Le fichier spécifié est introuvable
2025-01-14 15:43:18,291 - INFO - Tentative de conversion de 150822_a.eps en JPG...
2025-01-14 15:43:18,292 - INFO - PNG Path : \\Svlyofic102\stockage\GROUPE\FOS\Marketing\Phototheque\00_PHOTOS_HD_EPS_JPG\A vérifier par Cindy\JPG\150822_a.png
2025-01-14 15:43:18,295 - ERROR - Erreur lors de la conversion de \\Svlyofic102\stockage\GROUPE\FOS\Marketing\Phototheque\00_PHOTOS_HD_EPS_JPG\A vérifier par Cindy\EPS\150822_a.eps : [WinError 2] Le fichier spécifié est introuvable
2025-01-14 15:43:18,296 - INFO - Tentative de conversion de 150828.eps en JPG...
2025-01-14 15:43:18,296 - INFO - PNG Path : \\Svlyofic102\stockage\GROUPE\FOS\Marketing\Phototheque\00_PHOTOS_HD_EPS_JPG\A vérifier par Cindy\JPG\150828.png
2025-01-14 15:43:18,299 - ERROR - Erreur lors de la conversion de \\Svlyofic102\stockage\GROUPE\FOS\Marketing\Phototheque\00_PHOTOS_HD_EPS_JPG\A vérifier par Cindy\EPS\150828.eps : [WinError 2] Le fichier spécifié est introuvable
2025-01-14 15:43:18,299 - INFO - Tentative de conversion de 150830.eps en JPG...
2025-01-14 15:43:18,299 - INFO - PNG Path : \\Svlyofic102\stockage\GROUPE\FOS\Marketing\Phototheque\00_PHOTOS_HD_EPS_JPG\A vérifier par Cindy\JPG\150830.png
2025-01-14 15:43:18,301 - ERROR - Erreur lors de la conversion de \\Svlyofic102\stockage\GROUPE\FOS\Marketing\Phototheque\00_PHOTOS_HD_EPS_JPG\A vérifier par Cindy\EPS\150830.eps : [WinError 2] Le fichier spécifié est introuvable
2025-01-14 15:43:18,302 - INFO - Tentative de conversion de 150833.eps en JPG...
2025-01-14 15:43:18,302 - INFO - PNG Path : \\Svlyofic102\stockage\GROUPE\FOS\Marketing\Phototheque\00_PHOTOS_HD_EPS_JPG\A vérifier par Cindy\JPG\150833.png
2025-01-14 15:43:18,305 - ERROR - Erreur lors de la conversion de \\Svlyofic102\stockage\GROUPE\FOS\Marketing\Phototheque\00_PHOTOS_HD_EPS_JPG\A vérifier par Cindy\EPS\150833.eps : [WinError 2] Le fichier spécifié est introuvable
2025-01-14 15:43:18,305 - INFO - Tentative de conversion de 150835.eps en JPG...
2025-01-14 15:43:18,305 - INFO - PNG Path : \\Svlyofic102\stockage\GROUPE\FOS\Marketing\Phototheque\00_PHOTOS_HD_EPS_JPG\A vérifier par Cindy\JPG\150835.png
2025-01-14 15:43:18,308 - ERROR - Erreur lors de la conversion de \\Svlyofic102\stockage\GROUPE\FOS\Marketing\Phototheque\00_PHOTOS_HD_EPS_JPG\A vérifier par Cindy\EPS\150835.eps : [WinError 2] Le fichier spécifié est introuvable
2025-01-14 15:43:18,309 - INFO - Tentative de conversion de 150846.eps en JPG...
2025-01-14 15:43:18,309 - INFO - PNG Path : \\Svlyofic102\stockage\GROUPE\FOS\Marketing\Phototheque\00_PHOTOS_HD_EPS_JPG\A vérifier par Cindy\JPG\150846.png
2025-01-14 15:43:18,312 - ERROR - Erreur lors de la conversion de \\Svlyofic102\stockage\GROUPE\FOS\Marketing\Phototheque\00_PHOTOS_HD_EPS_JPG\A vérifier par Cindy\EPS\150846.eps : [WinError 2] Le fichier spécifié est introuvable
2025-01-14 15:43:18,312 - INFO - Tentative de conversion de 150847.eps en JPG...
2025-01-14 15:43:18,313 - INFO - PNG Path : \\Svlyofic102\stockage\GROUPE\FOS\Marketing\Phototheque\00_PHOTOS_HD_EPS_JPG\A vérifier par Cindy\JPG\150847.png
2025-01-14 15:43:18,315 - ERROR - Erreur lors de la conversion de \\Svlyofic102\stockage\GROUPE\FOS\Marketing\Phototheque\00_PHOTOS_HD_EPS_JPG\A vérifier par Cindy\EPS\150847.eps : [WinError 2] Le fichier spécifié est introuvable
2025-01-14 15:43:18,315 - INFO - Tentative de conversion de 150848.eps en JPG...
2025-01-14 15:43:18,316 - INFO - PNG Path : \\Svlyofic102\stockage\GROUPE\FOS\Marketing\Phototheque\00_PHOTOS_HD_EPS_JPG\A vérifier par Cindy\JPG\150848.png
2025-01-14 15:43:18,318 - ERROR - Erreur lors de la conversion de \\Svlyofic102\stockage\GROUPE\FOS\Marketing\Phototheque\00_PHOTOS_HD_EPS_JPG\A vérifier par Cindy\EPS\150848.eps : [WinError 2] Le fichier spécifié est introuvable
2025-01-14 15:43:18,318 - INFO - Tentative de conversion de 150848_a.eps en JPG...
2025-01-14 15:43:18,319 - INFO - PNG Path : \\Svlyofic102\stockage\GROUPE\FOS\Marketing\Phototheque\00_PHOTOS_HD_EPS_JPG\A vérifier par Cindy\JPG\150848_a.png
2025-01-14 15:43:18,321 - ERROR - Erreur lors de la conversion de \\Svlyofic102\stockage\GROUPE\FOS\Marketing\Phototheque\00_PHOTOS_HD_EPS_JPG\A vérifier par Cindy\EPS\150848_a.eps : [WinError 2] Le fichier spécifié est introuvable
2025-01-14 15:43:18,321 - INFO - Tentative de conversion de 150849.eps en JPG...
2025-01-14 15:43:18,321 - INFO - PNG Path : \\Svlyofic102\stockage\GROUPE\FOS\Marketing\Phototheque\00_PHOTOS_HD_EPS_JPG\A vérifier par Cindy\JPG\150849.png
2025-01-14 15:43:18,324 - ERROR - Erreur lors de la conversion de \\Svlyofic102\stockage\GROUPE\FOS\Marketing\Phototheque\00_PHOTOS_HD_EPS_JPG\A vérifier par Cindy\EPS\150849.eps : [WinError 2] Le fichier spécifié est introuvable
2025-01-14 15:43:18,325 - INFO - Tentative de conversion de 150850.eps en JPG...
2025-01-14 15:43:18,325 - INFO - PNG Path : \\Svlyofic102\stockage\GROUPE\FOS\Marketing\Phototheque\00_PHOTOS_HD_EPS_JPG\A vérifier par Cindy\JPG\150850.png
2025-01-14 15:43:18,328 - ERROR - Erreur lors de la conversion de \\Svlyofic102\stockage\GROUPE\FOS\Marketing\Phototheque\00_PHOTOS_HD_EPS_JPG\A vérifier par Cindy\EPS\150850.eps : [WinError 2] Le fichier spécifié est introuvable
2025-01-14 15:43:18,328 - INFO - Tentative de conversion de 150851.eps en JPG...
2025-01-14 15:43:18,329 - INFO - PNG Path : \\Svlyofic102\stockage\GROUPE\FOS\Marketing\Phototheque\00_PHOTOS_HD_EPS_JPG\A vérifier par Cindy\JPG\150851.png
2025-01-14 15:43:18,331 - ERROR - Erreur lors de la conversion de \\Svlyofic102\stockage\GROUPE\FOS\Marketing\Phototheque\00_PHOTOS_HD_EPS_JPG\A vérifier par Cindy\EPS\150851.eps : [WinError 2] Le fichier spécifié est introuvable
2025-01-14 15:43:18,332 - INFO - Tentative de conversion de 150852.eps en JPG...
2025-01-14 15:43:18,332 - INFO - PNG Path : \\Svlyofic102\stockage\GROUPE\FOS\Marketing\Phototheque\00_PHOTOS_HD_EPS_JPG\A vérifier par Cindy\JPG\150852.png
2025-01-14 15:43:18,334 - ERROR - Erreur lors de la conversion de \\Svlyofic102\stockage\GROUPE\FOS\Marketing\Phototheque\00_PHOTOS_HD_EPS_JPG\A vérifier par Cindy\EPS\150852.eps : [WinError 2] Le fichier spécifié est introuvable
2025-01-14 15:43:18,334 - INFO - Tentative de conversion de 150853.eps en JPG...
2025-01-14 15:43:18,335 - INFO - PNG Path : \\Svlyofic102\stockage\GROUPE\FOS\Marketing\Phototheque\00_PHOTOS_HD_EPS_JPG\A vérifier par Cindy\JPG\150853.png
2025-01-14 15:43:18,337 - ERROR - Erreur lors de la conversion de \\Svlyofic102\stockage\GROUPE\FOS\Marketing\Phototheque\00_PHOTOS_HD_EPS_JPG\A vérifier par Cindy\EPS\150853.eps : [WinError 2] Le fichier spécifié est introuvable
2025-01-14 15:43:18,338 - INFO - Tentative de conversion de 150854.eps en JPG...
2025-01-14 15:43:18,338 - INFO - PNG Path : \\Svlyofic102\stockage\GROUPE\FOS\Marketing\Phototheque\00_PHOTOS_HD_EPS_JPG\A vérifier par Cindy\JPG\150854.png
2025-01-14 15:43:18,341 - ERROR - Erreur lors de la conversion de \\Svlyofic102\stockage\GROUPE\FOS\Marketing\Phototheque\00_PHOTOS_HD_EPS_JPG\A vérifier par Cindy\EPS\150854.eps : [WinError 2] Le fichier spécifié est introuvable
2025-01-14 15:43:18,342 - INFO - Tentative de conversion de 150855.eps en JPG...
2025-01-14 15:43:18,342 - INFO - PNG Path : \\Svlyofic102\stockage\GROUPE\FOS\Marketing\Phototheque\00_PHOTOS_HD_EPS_JPG\A vérifier par Cindy\JPG\150855.png
2025-01-14 15:43:18,344 - ERROR - Erreur lors de la conversion de \\Svlyofic102\stockage\GROUPE\FOS\Marketing\Phototheque\00_PHOTOS_HD_EPS_JPG\A vérifier par Cindy\EPS\150855.eps : [WinError 2] Le fichier spécifié est introuvable
2025-01-14 15:43:18,345 - INFO - Tentative de conversion de 150856.eps en JPG...
2025-01-14 15:43:18,345 - INFO - PNG Path : \\Svlyofic102\stockage\GROUPE\FOS\Marketing\Phototheque\00_PHOTOS_HD_EPS_JPG\A vérifier par Cindy\JPG\150856.png
2025-01-14 15:43:18,347 - ERROR - Erreur lors de la conversion de \\Svlyofic102\stockage\GROUPE\FOS\Marketing\Phototheque\00_PHOTOS_HD_EPS_JPG\A vérifier par Cindy\EPS\150856.eps : [WinError 2] Le fichier spécifié est introuvable
2025-01-14 15:43:18,348 - INFO - Tentative de conversion de 150867_a.eps en JPG...
2025-01-14 15:43:18,348 - INFO - PNG Path : \\Svlyofic102\stockage\GROUPE\FOS\Marketing\Phototheque\00_PHOTOS_HD_EPS_JPG\A vérifier par Cindy\JPG\150867_a.png
2025-01-14 15:43:18,350 - ERROR - Erreur lors de la conversion de \\Svlyofic102\stockage\GROUPE\FOS\Marketing\Phototheque\00_PHOTOS_HD_EPS_JPG\A vérifier par Cindy\EPS\150867_a.eps : [WinError 2] Le fichier spécifié est introuvable
2025-01-14 15:43:18,351 - INFO - Tentative de conversion de 150871.eps en JPG...
2025-01-14 15:43:18,351 - INFO - PNG Path : \\Svlyofic102\stockage\GROUPE\FOS\Marketing\Phototheque\00_PHOTOS_HD_EPS_JPG\A vérifier par Cindy\JPG\150871.png
2025-01-14 15:43:18,353 - ERROR - Erreur lors de la conversion de \\Svlyofic102\stockage\GROUPE\FOS\Marketing\Phototheque\00_PHOTOS_HD_EPS_JPG\A vérifier par Cindy\EPS\150871.eps : [WinError 2] Le fichier spécifié est introuvable
2025-01-14 15:43:18,354 - INFO - Tentative de conversion de 150871_a.eps en JPG...
2025-01-14 15:43:18,354 - INFO - PNG Path : \\Svlyofic102\stockage\GROUPE\FOS\Marketing\Phototheque\00_PHOTOS_HD_EPS_JPG\A vérifier par Cindy\JPG\150871_a.png
2025-01-14 15:43:18,357 - ERROR - Erreur lors de la conversion de \\Svlyofic102\stockage\GROUPE\FOS\Marketing\Phototheque\00_PHOTOS_HD_EPS_JPG\A vérifier par Cindy\EPS\150871_a.eps : [WinError 2] Le fichier spécifié est introuvable
2025-01-14 15:43:18,357 - INFO - Traitement terminé.
2025-01-14 15:47:47,263 - ERROR - Le dossier source n'existe pas : \\Svlyofic102\stockage\GROUPE\FOS\Marketing\Phototheque\00_PHOTOS_HD_EPS_JPG\A vérifier par Cindy\EPS
2025-01-14 15:48:09,157 - INFO - Tentative de conversion de 125853.eps en JPG...
2025-01-14 15:48:09,158 - INFO - PNG Path : C:\Temp\A vérifier par Cindy\JPG\125853.png
2025-01-14 15:48:10,626 - INFO - Conversion EPS -> PNG réussie : C:\Temp\A vérifier par Cindy\JPG\125853.png
2025-01-14 15:48:10,791 - INFO - Conversion réussie : C:\Temp\A vérifier par Cindy\JPG\125853.jpg
2025-01-14 15:48:10,796 - INFO - Tentative de conversion de 125867.eps en JPG...
2025-01-14 15:48:10,796 - INFO - PNG Path : C:\Temp\A vérifier par Cindy\JPG\125867.png
2025-01-14 15:48:11,884 - INFO - Conversion EPS -> PNG réussie : C:\Temp\A vérifier par Cindy\JPG\125867.png
2025-01-14 15:48:12,047 - INFO - Conversion réussie : C:\Temp\A vérifier par Cindy\JPG\125867.jpg
2025-01-14 15:48:12,052 - INFO - Tentative de conversion de 148731_c.eps en JPG...
2025-01-14 15:48:12,052 - INFO - PNG Path : C:\Temp\A vérifier par Cindy\JPG\148731_c.png
2025-01-14 15:48:12,583 - INFO - Conversion EPS -> PNG réussie : C:\Temp\A vérifier par Cindy\JPG\148731_c.png
2025-01-14 15:48:12,690 - INFO - Conversion réussie : C:\Temp\A vérifier par Cindy\JPG\148731_c.jpg
2025-01-14 15:48:12,695 - INFO - Tentative de conversion de 148734_b.eps en JPG...
2025-01-14 15:48:12,695 - INFO - PNG Path : C:\Temp\A vérifier par Cindy\JPG\148734_b.png
2025-01-14 15:48:13,212 - INFO - Conversion EPS -> PNG réussie : C:\Temp\A vérifier par Cindy\JPG\148734_b.png
2025-01-14 15:48:13,324 - INFO - Conversion réussie : C:\Temp\A vérifier par Cindy\JPG\148734_b.jpg
2025-01-14 15:48:13,330 - INFO - Tentative de conversion de 148822_b.eps en JPG...
2025-01-14 15:48:13,330 - INFO - PNG Path : C:\Temp\A vérifier par Cindy\JPG\148822_b.png
2025-01-14 15:48:13,840 - INFO - Conversion EPS -> PNG réussie : C:\Temp\A vérifier par Cindy\JPG\148822_b.png
2025-01-14 15:48:13,945 - INFO - Conversion réussie : C:\Temp\A vérifier par Cindy\JPG\148822_b.jpg
2025-01-14 15:48:13,950 - INFO - Tentative de conversion de 148866_b.eps en JPG...
2025-01-14 15:48:13,951 - INFO - PNG Path : C:\Temp\A vérifier par Cindy\JPG\148866_b.png
2025-01-14 15:48:14,467 - INFO - Conversion EPS -> PNG réussie : C:\Temp\A vérifier par Cindy\JPG\148866_b.png
2025-01-14 15:48:14,575 - INFO - Conversion réussie : C:\Temp\A vérifier par Cindy\JPG\148866_b.jpg
2025-01-14 15:48:14,581 - INFO - Tentative de conversion de 148930_c.eps en JPG...
2025-01-14 15:48:14,581 - INFO - PNG Path : C:\Temp\A vérifier par Cindy\JPG\148930_c.png
2025-01-14 15:48:15,589 - INFO - Conversion EPS -> PNG réussie : C:\Temp\A vérifier par Cindy\JPG\148930_c.png
2025-01-14 15:48:15,727 - INFO - Conversion réussie : C:\Temp\A vérifier par Cindy\JPG\148930_c.jpg
2025-01-14 15:48:15,732 - INFO - Tentative de conversion de 148933_b.eps en JPG...
2025-01-14 15:48:15,732 - INFO - PNG Path : C:\Temp\A vérifier par Cindy\JPG\148933_b.png
2025-01-14 15:48:16,721 - INFO - Conversion EPS -> PNG réussie : C:\Temp\A vérifier par Cindy\JPG\148933_b.png
2025-01-14 15:48:16,862 - INFO - Conversion réussie : C:\Temp\A vérifier par Cindy\JPG\148933_b.jpg
2025-01-14 15:48:16,867 - INFO - Tentative de conversion de 150562.eps en JPG...
2025-01-14 15:48:16,868 - INFO - PNG Path : C:\Temp\A vérifier par Cindy\JPG\150562.png
2025-01-14 15:48:17,411 - INFO - Conversion EPS -> PNG réussie : C:\Temp\A vérifier par Cindy\JPG\150562.png
2025-01-14 15:48:17,518 - INFO - Conversion réussie : C:\Temp\A vérifier par Cindy\JPG\150562.jpg
2025-01-14 15:48:17,523 - INFO - Tentative de conversion de 150564.eps en JPG...
2025-01-14 15:48:17,523 - INFO - PNG Path : C:\Temp\A vérifier par Cindy\JPG\150564.png
2025-01-14 15:48:18,078 - INFO - Conversion EPS -> PNG réussie : C:\Temp\A vérifier par Cindy\JPG\150564.png
2025-01-14 15:48:18,183 - INFO - Conversion réussie : C:\Temp\A vérifier par Cindy\JPG\150564.jpg
2025-01-14 15:48:18,188 - INFO - Tentative de conversion de 150565.eps en JPG...
2025-01-14 15:48:18,189 - INFO - PNG Path : C:\Temp\A vérifier par Cindy\JPG\150565.png
2025-01-14 15:48:18,754 - INFO - Conversion EPS -> PNG réussie : C:\Temp\A vérifier par Cindy\JPG\150565.png
2025-01-14 15:48:18,859 - INFO - Conversion réussie : C:\Temp\A vérifier par Cindy\JPG\150565.jpg
2025-01-14 15:48:18,864 - INFO - Tentative de conversion de 150568.eps en JPG...
2025-01-14 15:48:18,865 - INFO - PNG Path : C:\Temp\A vérifier par Cindy\JPG\150568.png
2025-01-14 15:48:19,390 - INFO - Conversion EPS -> PNG réussie : C:\Temp\A vérifier par Cindy\JPG\150568.png
2025-01-14 15:48:19,496 - INFO - Conversion réussie : C:\Temp\A vérifier par Cindy\JPG\150568.jpg
2025-01-14 15:48:19,501 - INFO - Tentative de conversion de 150569.eps en JPG...
2025-01-14 15:48:19,501 - INFO - PNG Path : C:\Temp\A vérifier par Cindy\JPG\150569.png
2025-01-14 15:48:20,050 - INFO - Conversion EPS -> PNG réussie : C:\Temp\A vérifier par Cindy\JPG\150569.png
2025-01-14 15:48:20,158 - INFO - Conversion réussie : C:\Temp\A vérifier par Cindy\JPG\150569.jpg
2025-01-14 15:48:20,162 - INFO - Tentative de conversion de 150570.eps en JPG...
2025-01-14 15:48:20,162 - INFO - PNG Path : C:\Temp\A vérifier par Cindy\JPG\150570.png
2025-01-14 15:48:20,807 - INFO - Conversion EPS -> PNG réussie : C:\Temp\A vérifier par Cindy\JPG\150570.png
2025-01-14 15:48:20,937 - INFO - Conversion réussie : C:\Temp\A vérifier par Cindy\JPG\150570.jpg
2025-01-14 15:48:20,941 - INFO - Tentative de conversion de 150571.eps en JPG...
2025-01-14 15:48:20,941 - INFO - PNG Path : C:\Temp\A vérifier par Cindy\JPG\150571.png
2025-01-14 15:48:21,533 - INFO - Conversion EPS -> PNG réussie : C:\Temp\A vérifier par Cindy\JPG\150571.png
2025-01-14 15:48:21,656 - INFO - Conversion réussie : C:\Temp\A vérifier par Cindy\JPG\150571.jpg
2025-01-14 15:48:21,661 - INFO - Tentative de conversion de 150616.eps en JPG...
2025-01-14 15:48:21,661 - INFO - PNG Path : C:\Temp\A vérifier par Cindy\JPG\150616.png
2025-01-14 15:48:22,426 - INFO - Conversion EPS -> PNG réussie : C:\Temp\A vérifier par Cindy\JPG\150616.png
2025-01-14 15:48:22,575 - INFO - Conversion réussie : C:\Temp\A vérifier par Cindy\JPG\150616.jpg
2025-01-14 15:48:22,580 - INFO - Tentative de conversion de 150738.eps en JPG...
2025-01-14 15:48:22,580 - INFO - PNG Path : C:\Temp\A vérifier par Cindy\JPG\150738.png
2025-01-14 15:48:23,104 - INFO - Conversion EPS -> PNG réussie : C:\Temp\A vérifier par Cindy\JPG\150738.png
2025-01-14 15:48:23,209 - INFO - Conversion réussie : C:\Temp\A vérifier par Cindy\JPG\150738.jpg
2025-01-14 15:48:23,214 - INFO - Tentative de conversion de 150763.eps en JPG...
2025-01-14 15:48:23,215 - INFO - PNG Path : C:\Temp\A vérifier par Cindy\JPG\150763.png
2025-01-14 15:48:23,830 - INFO - Conversion EPS -> PNG réussie : C:\Temp\A vérifier par Cindy\JPG\150763.png
2025-01-14 15:48:23,948 - INFO - Conversion réussie : C:\Temp\A vérifier par Cindy\JPG\150763.jpg
2025-01-14 15:48:23,952 - INFO - Tentative de conversion de 150781.eps en JPG...
2025-01-14 15:48:23,953 - INFO - PNG Path : C:\Temp\A vérifier par Cindy\JPG\150781.png
2025-01-14 15:48:24,516 - INFO - Conversion EPS -> PNG réussie : C:\Temp\A vérifier par Cindy\JPG\150781.png
2025-01-14 15:48:24,621 - INFO - Conversion réussie : C:\Temp\A vérifier par Cindy\JPG\150781.jpg
2025-01-14 15:48:24,626 - INFO - Tentative de conversion de 150781_a.eps en JPG...
2025-01-14 15:48:24,626 - INFO - PNG Path : C:\Temp\A vérifier par Cindy\JPG\150781_a.png
2025-01-14 15:48:25,210 - INFO - Conversion EPS -> PNG réussie : C:\Temp\A vérifier par Cindy\JPG\150781_a.png
2025-01-14 15:48:25,317 - INFO - Conversion réussie : C:\Temp\A vérifier par Cindy\JPG\150781_a.jpg
2025-01-14 15:48:25,322 - INFO - Tentative de conversion de 150781_b.eps en JPG...
2025-01-14 15:48:25,322 - INFO - PNG Path : C:\Temp\A vérifier par Cindy\JPG\150781_b.png
2025-01-14 15:48:25,881 - INFO - Conversion EPS -> PNG réussie : C:\Temp\A vérifier par Cindy\JPG\150781_b.png
2025-01-14 15:48:25,988 - INFO - Conversion réussie : C:\Temp\A vérifier par Cindy\JPG\150781_b.jpg
2025-01-14 15:48:25,993 - INFO - Tentative de conversion de 150782.eps en JPG...
2025-01-14 15:48:25,993 - INFO - PNG Path : C:\Temp\A vérifier par Cindy\JPG\150782.png
2025-01-14 15:48:26,519 - INFO - Conversion EPS -> PNG réussie : C:\Temp\A vérifier par Cindy\JPG\150782.png
2025-01-14 15:48:26,628 - INFO - Conversion réussie : C:\Temp\A vérifier par Cindy\JPG\150782.jpg
2025-01-14 15:48:26,633 - INFO - Tentative de conversion de 150797.eps en JPG...
2025-01-14 15:48:26,633 - INFO - PNG Path : C:\Temp\A vérifier par Cindy\JPG\150797.png
2025-01-14 15:48:27,057 - INFO - Conversion EPS -> PNG réussie : C:\Temp\A vérifier par Cindy\JPG\150797.png
2025-01-14 15:48:27,160 - INFO - Conversion réussie : C:\Temp\A vérifier par Cindy\JPG\150797.jpg
2025-01-14 15:48:27,164 - INFO - Tentative de conversion de 150797_a.eps en JPG...
2025-01-14 15:48:27,165 - INFO - PNG Path : C:\Temp\A vérifier par Cindy\JPG\150797_a.png
2025-01-14 15:48:28,350 - INFO - Conversion EPS -> PNG réussie : C:\Temp\A vérifier par Cindy\JPG\150797_a.png
2025-01-14 15:48:28,499 - INFO - Conversion réussie : C:\Temp\A vérifier par Cindy\JPG\150797_a.jpg
2025-01-14 15:48:28,504 - INFO - Tentative de conversion de 150797_b.eps en JPG...
2025-01-14 15:48:28,505 - INFO - PNG Path : C:\Temp\A vérifier par Cindy\JPG\150797_b.png
2025-01-14 15:48:29,589 - INFO - Conversion EPS -> PNG réussie : C:\Temp\A vérifier par Cindy\JPG\150797_b.png
2025-01-14 15:48:29,731 - INFO - Conversion réussie : C:\Temp\A vérifier par Cindy\JPG\150797_b.jpg
2025-01-14 15:48:29,735 - INFO - Tentative de conversion de 150814_a.eps en JPG...
2025-01-14 15:48:29,736 - INFO - PNG Path : C:\Temp\A vérifier par Cindy\JPG\150814_a.png
2025-01-14 15:48:32,909 - INFO - Conversion EPS -> PNG réussie : C:\Temp\A vérifier par Cindy\JPG\150814_a.png
2025-01-14 15:48:33,139 - INFO - Conversion réussie : C:\Temp\A vérifier par Cindy\JPG\150814_a.jpg
2025-01-14 15:48:33,143 - INFO - Tentative de conversion de 150819.eps en JPG...
2025-01-14 15:48:33,144 - INFO - PNG Path : C:\Temp\A vérifier par Cindy\JPG\150819.png
2025-01-14 15:48:34,167 - INFO - Conversion EPS -> PNG réussie : C:\Temp\A vérifier par Cindy\JPG\150819.png
2025-01-14 15:48:34,308 - INFO - Conversion réussie : C:\Temp\A vérifier par Cindy\JPG\150819.jpg
2025-01-14 15:48:34,312 - INFO - Tentative de conversion de 150819_a.eps en JPG...
2025-01-14 15:48:34,312 - INFO - PNG Path : C:\Temp\A vérifier par Cindy\JPG\150819_a.png
2025-01-14 15:48:37,373 - INFO - Conversion EPS -> PNG réussie : C:\Temp\A vérifier par Cindy\JPG\150819_a.png
2025-01-14 15:48:37,601 - INFO - Conversion réussie : C:\Temp\A vérifier par Cindy\JPG\150819_a.jpg
2025-01-14 15:48:37,606 - INFO - Tentative de conversion de 150821.eps en JPG...
2025-01-14 15:48:37,607 - INFO - PNG Path : C:\Temp\A vérifier par Cindy\JPG\150821.png
2025-01-14 15:48:38,385 - INFO - Conversion EPS -> PNG réussie : C:\Temp\A vérifier par Cindy\JPG\150821.png
2025-01-14 15:48:38,518 - INFO - Conversion réussie : C:\Temp\A vérifier par Cindy\JPG\150821.jpg
2025-01-14 15:48:38,523 - INFO - Tentative de conversion de 150821_a.eps en JPG...
2025-01-14 15:48:38,524 - INFO - PNG Path : C:\Temp\A vérifier par Cindy\JPG\150821_a.png
2025-01-14 15:48:41,599 - INFO - Conversion EPS -> PNG réussie : C:\Temp\A vérifier par Cindy\JPG\150821_a.png
2025-01-14 15:48:41,831 - INFO - Conversion réussie : C:\Temp\A vérifier par Cindy\JPG\150821_a.jpg
2025-01-14 15:48:41,836 - INFO - Tentative de conversion de 150822_a.eps en JPG...
2025-01-14 15:48:41,836 - INFO - PNG Path : C:\Temp\A vérifier par Cindy\JPG\150822_a.png
2025-01-14 15:48:44,940 - INFO - Conversion EPS -> PNG réussie : C:\Temp\A vérifier par Cindy\JPG\150822_a.png
2025-01-14 15:48:45,173 - INFO - Conversion réussie : C:\Temp\A vérifier par Cindy\JPG\150822_a.jpg
2025-01-14 15:48:45,177 - INFO - Tentative de conversion de 150828.eps en JPG...
2025-01-14 15:48:45,178 - INFO - PNG Path : C:\Temp\A vérifier par Cindy\JPG\150828.png
2025-01-14 15:48:45,722 - INFO - Conversion EPS -> PNG réussie : C:\Temp\A vérifier par Cindy\JPG\150828.png
2025-01-14 15:48:45,833 - INFO - Conversion réussie : C:\Temp\A vérifier par Cindy\JPG\150828.jpg
2025-01-14 15:48:45,838 - INFO - Tentative de conversion de 150830.eps en JPG...
2025-01-14 15:48:45,838 - INFO - PNG Path : C:\Temp\A vérifier par Cindy\JPG\150830.png
2025-01-14 15:48:46,385 - INFO - Conversion EPS -> PNG réussie : C:\Temp\A vérifier par Cindy\JPG\150830.png
2025-01-14 15:48:46,495 - INFO - Conversion réussie : C:\Temp\A vérifier par Cindy\JPG\150830.jpg
2025-01-14 15:48:46,499 - INFO - Tentative de conversion de 150833.eps en JPG...
2025-01-14 15:48:46,500 - INFO - PNG Path : C:\Temp\A vérifier par Cindy\JPG\150833.png
2025-01-14 15:48:47,128 - INFO - Conversion EPS -> PNG réussie : C:\Temp\A vérifier par Cindy\JPG\150833.png
2025-01-14 15:48:47,237 - INFO - Conversion réussie : C:\Temp\A vérifier par Cindy\JPG\150833.jpg
2025-01-14 15:48:47,242 - INFO - Tentative de conversion de 150835.eps en JPG...
2025-01-14 15:48:47,242 - INFO - PNG Path : C:\Temp\A vérifier par Cindy\JPG\150835.png
2025-01-14 15:48:47,879 - INFO - Conversion EPS -> PNG réussie : C:\Temp\A vérifier par Cindy\JPG\150835.png
2025-01-14 15:48:47,992 - INFO - Conversion réussie : C:\Temp\A vérifier par Cindy\JPG\150835.jpg
2025-01-14 15:48:47,997 - INFO - Tentative de conversion de 150846.eps en JPG...
2025-01-14 15:48:47,997 - INFO - PNG Path : C:\Temp\A vérifier par Cindy\JPG\150846.png
2025-01-14 15:48:48,557 - INFO - Conversion EPS -> PNG réussie : C:\Temp\A vérifier par Cindy\JPG\150846.png
2025-01-14 15:48:48,662 - INFO - Conversion réussie : C:\Temp\A vérifier par Cindy\JPG\150846.jpg
2025-01-14 15:48:48,667 - INFO - Tentative de conversion de 150847.eps en JPG...
2025-01-14 15:48:48,667 - INFO - PNG Path : C:\Temp\A vérifier par Cindy\JPG\150847.png
2025-01-14 15:48:49,206 - INFO - Conversion EPS -> PNG réussie : C:\Temp\A vérifier par Cindy\JPG\150847.png
2025-01-14 15:48:49,313 - INFO - Conversion réussie : C:\Temp\A vérifier par Cindy\JPG\150847.jpg
2025-01-14 15:48:49,318 - INFO - Tentative de conversion de 150848.eps en JPG...
2025-01-14 15:48:49,318 - INFO - PNG Path : C:\Temp\A vérifier par Cindy\JPG\150848.png
2025-01-14 15:48:49,888 - INFO - Conversion EPS -> PNG réussie : C:\Temp\A vérifier par Cindy\JPG\150848.png
2025-01-14 15:48:50,007 - INFO - Conversion réussie : C:\Temp\A vérifier par Cindy\JPG\150848.jpg
2025-01-14 15:48:50,012 - INFO - Tentative de conversion de 150848_a.eps en JPG...
2025-01-14 15:48:50,012 - INFO - PNG Path : C:\Temp\A vérifier par Cindy\JPG\150848_a.png
2025-01-14 15:48:53,732 - INFO - Conversion EPS -> PNG réussie : C:\Temp\A vérifier par Cindy\JPG\150848_a.png
2025-01-14 15:48:53,989 - INFO - Conversion réussie : C:\Temp\A vérifier par Cindy\JPG\150848_a.jpg
2025-01-14 15:48:53,994 - INFO - Tentative de conversion de 150849.eps en JPG...
2025-01-14 15:48:53,995 - INFO - PNG Path : C:\Temp\A vérifier par Cindy\JPG\150849.png
2025-01-14 15:48:54,639 - INFO - Conversion EPS -> PNG réussie : C:\Temp\A vérifier par Cindy\JPG\150849.png
2025-01-14 15:48:54,751 - INFO - Conversion réussie : C:\Temp\A vérifier par Cindy\JPG\150849.jpg
2025-01-14 15:48:54,756 - INFO - Tentative de conversion de 150850.eps en JPG...
2025-01-14 15:48:54,756 - INFO - PNG Path : C:\Temp\A vérifier par Cindy\JPG\150850.png
2025-01-14 15:48:55,299 - INFO - Conversion EPS -> PNG réussie : C:\Temp\A vérifier par Cindy\JPG\150850.png
2025-01-14 15:48:55,406 - INFO - Conversion réussie : C:\Temp\A vérifier par Cindy\JPG\150850.jpg
2025-01-14 15:48:55,410 - INFO - Tentative de conversion de 150851.eps en JPG...
2025-01-14 15:48:55,411 - INFO - PNG Path : C:\Temp\A vérifier par Cindy\JPG\150851.png
2025-01-14 15:48:55,950 - INFO - Conversion EPS -> PNG réussie : C:\Temp\A vérifier par Cindy\JPG\150851.png
2025-01-14 15:48:56,057 - INFO - Conversion réussie : C:\Temp\A vérifier par Cindy\JPG\150851.jpg
2025-01-14 15:48:56,061 - INFO - Tentative de conversion de 150852.eps en JPG...
2025-01-14 15:48:56,061 - INFO - PNG Path : C:\Temp\A vérifier par Cindy\JPG\150852.png
2025-01-14 15:48:56,641 - INFO - Conversion EPS -> PNG réussie : C:\Temp\A vérifier par Cindy\JPG\150852.png
2025-01-14 15:48:56,749 - INFO - Conversion réussie : C:\Temp\A vérifier par Cindy\JPG\150852.jpg
2025-01-14 15:48:56,754 - INFO - Tentative de conversion de 150853.eps en JPG...
2025-01-14 15:48:56,754 - INFO - PNG Path : C:\Temp\A vérifier par Cindy\JPG\150853.png
2025-01-14 15:48:57,393 - INFO - Conversion EPS -> PNG réussie : C:\Temp\A vérifier par Cindy\JPG\150853.png
2025-01-14 15:48:57,509 - INFO - Conversion réussie : C:\Temp\A vérifier par Cindy\JPG\150853.jpg
2025-01-14 15:48:57,514 - INFO - Tentative de conversion de 150854.eps en JPG...
2025-01-14 15:48:57,515 - INFO - PNG Path : C:\Temp\A vérifier par Cindy\JPG\150854.png
2025-01-14 15:48:58,124 - INFO - Conversion EPS -> PNG réussie : C:\Temp\A vérifier par Cindy\JPG\150854.png
2025-01-14 15:48:58,237 - INFO - Conversion réussie : C:\Temp\A vérifier par Cindy\JPG\150854.jpg
2025-01-14 15:48:58,242 - INFO - Tentative de conversion de 150855.eps en JPG...
2025-01-14 15:48:58,242 - INFO - PNG Path : C:\Temp\A vérifier par Cindy\JPG\150855.png
2025-01-14 15:48:59,039 - INFO - Conversion EPS -> PNG réussie : C:\Temp\A vérifier par Cindy\JPG\150855.png
2025-01-14 15:48:59,159 - INFO - Conversion réussie : C:\Temp\A vérifier par Cindy\JPG\150855.jpg
2025-01-14 15:48:59,164 - INFO - Tentative de conversion de 150856.eps en JPG...
2025-01-14 15:48:59,164 - INFO - PNG Path : C:\Temp\A vérifier par Cindy\JPG\150856.png
2025-01-14 15:48:59,969 - INFO - Conversion EPS -> PNG réussie : C:\Temp\A vérifier par Cindy\JPG\150856.png
2025-01-14 15:49:00,096 - INFO - Conversion réussie : C:\Temp\A vérifier par Cindy\JPG\150856.jpg
2025-01-14 15:49:00,101 - INFO - Tentative de conversion de 150867_a.eps en JPG...
2025-01-14 15:49:00,101 - INFO - PNG Path : C:\Temp\A vérifier par Cindy\JPG\150867_a.png
2025-01-14 15:49:04,389 - INFO - Conversion EPS -> PNG réussie : C:\Temp\A vérifier par Cindy\JPG\150867_a.png
2025-01-14 15:49:04,671 - INFO - Conversion réussie : C:\Temp\A vérifier par Cindy\JPG\150867_a.jpg
2025-01-14 15:49:04,676 - INFO - Tentative de conversion de 150871.eps en JPG...
2025-01-14 15:49:04,677 - INFO - PNG Path : C:\Temp\A vérifier par Cindy\JPG\150871.png
2025-01-14 15:49:05,269 - INFO - Conversion EPS -> PNG réussie : C:\Temp\A vérifier par Cindy\JPG\150871.png
2025-01-14 15:49:05,378 - INFO - Conversion réussie : C:\Temp\A vérifier par Cindy\JPG\150871.jpg
2025-01-14 15:49:05,383 - INFO - Tentative de conversion de 150871_a.eps en JPG...
2025-01-14 15:49:05,383 - INFO - PNG Path : C:\Temp\A vérifier par Cindy\JPG\150871_a.png
2025-01-14 15:49:09,797 - INFO - Conversion EPS -> PNG réussie : C:\Temp\A vérifier par Cindy\JPG\150871_a.png
2025-01-14 15:49:10,109 - INFO - Conversion réussie : C:\Temp\A vérifier par Cindy\JPG\150871_a.jpg
2025-01-14 15:49:10,115 - INFO - Traitement terminé.
